<?xml version="1.0" encoding="utf-8"?><testsuites><testsuite name="pytest" errors="0" failures="0" skipped="0" tests="62" time="17.019" timestamp="2026-09-05T20:33:35.264255+09:00" hostname="JaewonKim"><testcase classname="tests.dayahead.test_v40b_gates" name="test_sealed_method_and_date_adapter" time="0.062" /><testcase classname="tests.dayahead.test_v40b_gates" name="test_old_b3_rejected_before_any_io" time="0.000" /><testcase classname="tests.dayahead.test_v40b_gates" name="test_matrix_never_reuses_b3_even_with_approved_certificate" time="0.000" /><testcase classname="tests.dayahead.test_v40b_gates" name="test_duplicate_orchestrator_and_date_protection" time="0.000" /><testcase classname="tests.dayahead.test_v40b_gates" name="test_real_current_loader_probe_and_schema[B0]" time="0.265" /><testcase classname="tests.dayahead.test_v40b_gates" name="test_real_current_loader_probe_and_schema[B1]" time="0.200" /><testcase classname="tests.dayahead.test_v40b_gates" name="test_real_current_loader_probe_and_schema[B2]" time="0.205" /><testcase classname="tests.dayahead.test_v40b_gates" name="test_preserved_completed_results" time="0.097" /><testcase classname="tests.dayahead.test_v40a_accepted_initial" name="test_existing_migration_and_wan_state_survive_a0_import" time="0.024" /><testcase classname="tests.dayahead.test_v40a_accepted_initial" name="test_accepted_a0_must_reproduce_frozen_pcc" time="0.016" /><testcase classname="tests.dayahead.test_v40a_accepted_initial" name="test_wrong_a0_file_hash_is_rejected" time="0.012" /><testcase classname="tests.dayahead.test_v40a_coordination" name="test_exactly_one_route_search_and_one_feedback" time="0.001" /><testcase classname="tests.dayahead.test_v40a_coordination" name="test_a1_infeasible_reverts_to_a0" time="0.001" /><testcase classname="tests.dayahead.test_v40a_coordination" name="test_a1_terminal_violation_reverts_to_a0" time="0.001" /><testcase classname="tests.dayahead.test_v40a_coordination" name="test_mf_route_change_is_rejected" time="0.001" /><testcase classname="tests.dayahead.test_v40a_coordination" name="test_mf_failure_retains_feasible_m1" time="0.001" /><testcase classname="tests.dayahead.test_v40a_coordination" name="test_objective_runtime_ledgers_complete_and_freeze_valid" time="0.001" /><testcase classname="tests.dayahead.test_v40a_coordination" name="test_input_trajectory_mutation_is_detected[A1]" time="0.001" /><testcase classname="tests.dayahead.test_v40a_coordination" name="test_input_trajectory_mutation_is_detected[MF]" time="0.001" /><testcase classname="tests.dayahead.test_v40a_firewall_physics" name="test_planning_firewall_blocks_actual_fresh_future[cache/fresh/OPENDSS_SUMMARY.json]" time="0.001" /><testcase classname="tests.dayahead.test_v40a_firewall_physics" name="test_planning_firewall_blocks_actual_fresh_future[data/noaa_actual_weather.parquet]" time="0.000" /><testcase classname="tests.dayahead.test_v40a_firewall_physics" name="test_planning_firewall_blocks_actual_fresh_future[days/2025-05-01/results.json]" time="0.000" /><testcase classname="tests.dayahead.test_v40a_firewall_physics" name="test_planning_firewall_allows_causal_day_forecasts" time="0.000" /><testcase classname="tests.dayahead.test_v40a_firewall_physics" name="test_fresh_reads_possible_after_loop" time="0.000" /><testcase classname="tests.dayahead.test_v40a_firewall_physics" name="test_stationary_physics_and_mobility_identity" time="0.003" /><testcase classname="tests.dayahead.test_v40a_firewall_physics" name="test_energy_imbalance_is_rejected" time="0.002" /><testcase classname="tests.dayahead.test_v40a_firewall_physics" name="test_route_change_changes_signature" time="0.001" /><testcase classname="tests.dayahead.test_v40a_grid" name="test_frozen_m1_p_directly_changes_planning_objective" time="0.005" /><testcase classname="tests.dayahead.test_v40a_grid" name="test_grid_reports_actual_critical_state" time="0.001" /><testcase classname="tests.dayahead.test_v40a_grid" name="test_a1_running_fixed_under_user_confirmed_policy" time="0.000" /><testcase classname="tests.dayahead.test_v40a_grid" name="test_a1_terminal_job_frozen" time="0.000" /><testcase classname="tests.dayahead.test_v40a_grid" name="test_a1_no_new_latest_start_rule" time="0.000" /><testcase classname="tests.dayahead.test_v40a_invariants" name="test_terminal_new_occupancy_fails" time="0.000" /><testcase classname="tests.dayahead.test_v40a_invariants" name="test_terminal_new_site_fails" time="0.000" /><testcase classname="tests.dayahead.test_v40a_invariants" name="test_legal_baseline_tail_preserved" time="0.000" /><testcase classname="tests.dayahead.test_v40a_invariants" name="test_gpu_tail_increments_cannot_cancel" time="0.000" /><testcase classname="tests.dayahead.test_v40a_invariants" name="test_terminal_site_field_cannot_hide_site_change" time="0.001" /><testcase classname="tests.dayahead.test_v40a_invariants" name="test_full_interval_symmetric_cost_counts_site" time="0.000" /><testcase classname="tests.dayahead.test_v40a_invariants" name="test_monotone[0.5-True-True]" time="0.000" /><testcase classname="tests.dayahead.test_v40a_invariants" name="test_monotone[0.6-True-False]" time="0.000" /><testcase classname="tests.dayahead.test_v40a_invariants" name="test_monotone[0.5-False-False]" time="0.000" /><testcase classname="tests.dayahead.test_v40a_invariants" name="test_monotone[nan-True-False]" time="0.000" /><testcase classname="tests.dayahead.test_v40a_invariants" name="test_old_b3_not_accepted" time="0.000" /><testcase classname="tests.dayahead.test_v40a_invariants" name="test_joint_hash_binds_both_replays" time="0.000" /><testcase classname="tests.dayahead.test_v40a_invariants" name="test_interaction_values_observable" time="0.000" /><testcase classname="tests.dayahead.test_v40a_invariants" name="test_uid_loss_fails" time="0.000" /><testcase classname="tests.dayahead.test_v40a_invariants" name="test_numpy_arrays_hash_as_values" time="0.000" /><testcase classname="tests.dayahead.test_v40a_invariants" name="test_safe_seconds_and_frozen_wan_evidence_cannot_change" time="0.001" /><testcase classname="tests.dayahead.test_v40a_postfreeze" name="test_fresh_and_actual_bind_same_joint_after_on_disk_freeze" time="0.016" /><testcase classname="tests.dayahead.test_v40a_postfreeze" name="test_restoration_preserves_route_and_refreezes_pq" time="0.020" /><testcase classname="tests.dayahead.test_v40a_postfreeze" name="test_restoration_limit_fails_closed" time="0.034" /><testcase classname="tests.dayahead.test_v40a_postfreeze" name="test_restoration_cannot_change_route" time="0.010" /><testcase classname="tests.dayahead.test_v40a_postfreeze" name="test_fresh_wrong_joint_never_reaches_actual" time="0.007" /><testcase classname="tests.dayahead.test_v40a_recourse_model" name="test_fixed_route_solver_does_not_enumerate_mobility" time="0.141" /><testcase classname="tests.dayahead.test_v40a_runtime_guard" name="test_fresh_entrypoint_blocked_in_planning_scope_and_restored" time="0.020" /><testcase classname="tests.dayahead.test_v40a_runtime_guard" name="test_runtime_counts_candidates_separately_from_optimizer_calls" time="0.000" /><testcase classname="tests.dayahead.test_v40a_runtime_guard" name="test_windows_descriptor_read_and_readwrite_paths_are_guarded" time="0.000" /><testcase classname="tests.dayahead.test_v39l_infrastructure" name="test_durable_atomic_json_replaces_complete_document" time="0.007" /><testcase classname="tests.dayahead.test_v39l_infrastructure" name="test_process_inventory_detects_duplicate_days_and_orchestrators" time="0.001" /><testcase classname="tests.dayahead.test_v39l_infrastructure" name="test_identity_requires_pid_creation_time_and_command_tokens" time="0.001" /><testcase classname="tests.dayahead.test_v39l_infrastructure" name="test_current_v39k_binding_is_exact" time="0.006" /><testcase classname="tests.dayahead.test_v39l_infrastructure" name="test_v39l_infrastructure_does_not_invalidate_frozen_preflight" time="13.519" /></testsuite></testsuites>