<?xml version="1.0" encoding="utf-8"?><testsuites><testsuite name="pytest" errors="0" failures="0" skipped="0" tests="37" time="3.219" timestamp="2026-09-06T10:21:27.046871+09:00" hostname="JaewonKim"><testcase classname="tests.dayahead.test_v40d_restoration_policy" name="test_policy_scope_restores_globals_after_failure" time="0.032" /><testcase classname="tests.dayahead.test_v40d_restoration_policy" name="test_result_fingerprint_cannot_be_reused_as_legacy" time="0.003" /><testcase classname="tests.dayahead.test_v40d_restoration_policy" name="test_boundary_uses_fresh_after_last_allowed_correction[6]" time="0.052" /><testcase classname="tests.dayahead.test_v40d_restoration_policy" name="test_boundary_uses_fresh_after_last_allowed_correction[10]" time="0.066" /><testcase classname="tests.dayahead.test_v40d_restoration_policy" name="test_boundary_uses_fresh_after_last_allowed_correction[None]" time="0.068" /><testcase classname="tests.dayahead.test_v40d_restoration_policy" name="test_pause_blocks_manual_and_automatic_launch" time="0.003" /><testcase classname="tests.dayahead.test_v40d_restoration_policy" name="test_policy_rejects_tampering_and_inherited_drift" time="0.018" /><testcase classname="tests.dayahead.test_v40d_restoration_policy" name="test_fresh_progress_reports_effective_bound" time="0.005" /><testcase classname="tests.dayahead.test_v40d_restoration_policy" name="test_supervisor_respects_pause_but_detects_unexpected_worker" time="0.014" /><testcase classname="tests.dayahead.test_v40a_postfreeze" name="test_fresh_and_actual_bind_same_joint_after_on_disk_freeze" time="0.010" /><testcase classname="tests.dayahead.test_v40a_postfreeze" name="test_restoration_preserves_route_and_refreezes_pq" time="0.017" /><testcase classname="tests.dayahead.test_v40a_postfreeze" name="test_restoration_limit_fails_closed" time="0.035" /><testcase classname="tests.dayahead.test_v40a_postfreeze" name="test_restoration_cannot_change_route" time="0.033" /><testcase classname="tests.dayahead.test_v40a_postfreeze" name="test_fresh_wrong_joint_never_reaches_actual" time="0.006" /><testcase classname="tests.dayahead.test_v40b_gates" name="test_sealed_method_and_date_adapter" time="0.055" /><testcase classname="tests.dayahead.test_v40b_gates" name="test_old_b3_rejected_before_any_io" time="0.000" /><testcase classname="tests.dayahead.test_v40b_gates" name="test_matrix_never_reuses_b3_even_with_approved_certificate" time="0.000" /><testcase classname="tests.dayahead.test_v40b_gates" name="test_duplicate_orchestrator_and_date_protection" time="0.000" /><testcase classname="tests.dayahead.test_v40b_gates" name="test_v40b_process_rows_uses_psutil_without_windows_cim" time="0.000" /><testcase classname="tests.dayahead.test_v40b_gates" name="test_real_current_loader_probe_and_schema[B0]" time="0.205" /><testcase classname="tests.dayahead.test_v40b_gates" name="test_real_current_loader_probe_and_schema[B1]" time="0.175" /><testcase classname="tests.dayahead.test_v40b_gates" name="test_real_current_loader_probe_and_schema[B2]" time="0.175" /><testcase classname="tests.dayahead.test_v40b_gates" name="test_preserved_completed_results" time="0.085" /><testcase classname="tests.dayahead.test_v40b_recovery" name="test_path_failure_requires_exact_infrastructure_signature" time="0.001" /><testcase classname="tests.dayahead.test_v40b_recovery" name="test_source_authority_linkage_failure_requires_exact_frozen_non_science_drift" time="0.000" /><testcase classname="tests.dayahead.test_v40b_recovery" name="test_real_shortened_windows_beam_path_can_write_and_replace" time="0.004" /><testcase classname="tests.dayahead.test_v40b_recovery" name="test_cache_copy_keeps_stage_bytes_and_rejects_collisions" time="0.034" /><testcase classname="tests.dayahead.test_v40b_recovery" name="test_preserved_day_rejects_replaced_certificate" time="0.051" /><testcase classname="tests.dayahead.test_v40b_recovery" name="test_adopted_workers_consume_existing_capacity[0-4]" time="0.000" /><testcase classname="tests.dayahead.test_v40b_recovery" name="test_adopted_workers_consume_existing_capacity[1-3]" time="0.000" /><testcase classname="tests.dayahead.test_v40b_recovery" name="test_adopted_workers_consume_existing_capacity[4-0]" time="0.000" /><testcase classname="tests.dayahead.test_v40b_recovery" name="test_adopted_workers_consume_existing_capacity[5-0]" time="0.000" /><testcase classname="tests.dayahead.test_v40b_recovery" name="test_new_b3_certificate_prevents_second_search" time="0.151" /><testcase classname="tests.dayahead.test_v37_r3_restore_intended_cuts" name="test_april_only_joint_authority_has_complete_same_state_vectors" time="0.011" /><testcase classname="tests.dayahead.test_v37_r3_restore_intended_cuts" name="test_trigger_cumulative_insertion_and_final_cut_arithmetic" time="0.005" /><testcase classname="tests.dayahead.test_v37_r3_restore_intended_cuts" name="test_exact_v17_extractor_includes_current_and_transformer_kva" time="0.001" /><testcase classname="tests.dayahead.test_v37_r3_restore_intended_cuts" name="test_frozen_algorithm_parameters_unchanged" time="0.000" /></testsuite></testsuites>