<?xml version="1.0" encoding="utf-8"?><testsuites><testsuite name="pytest" errors="0" failures="0" skipped="0" tests="17" time="4.826" timestamp="2026-09-05T15:14:37.084368+09:00" hostname="JaewonKim"><testcase classname="tests.dayahead.test_v39k_integration" name="test_exact_eight_changes_and_no_unrelated_changes" time="0.002" /><testcase classname="tests.dayahead.test_v39k_integration" name="test_manifest_fails_closed[extra]" time="0.002" /><testcase classname="tests.dayahead.test_v39k_integration" name="test_manifest_fails_closed[missing]" time="0.003" /><testcase classname="tests.dayahead.test_v39k_integration" name="test_manifest_fails_closed[unchanged_target]" time="0.002" /><testcase classname="tests.dayahead.test_v39k_integration" name="test_whole_original_witness_and_count[2025-05-23]" time="0.288" /><testcase classname="tests.dayahead.test_v39k_integration" name="test_whole_original_witness_and_count[2025-05-24]" time="0.208" /><testcase classname="tests.dayahead.test_v39k_integration" name="test_whole_original_witness_and_count[2025-05-25]" time="0.234" /><testcase classname="tests.dayahead.test_v39k_integration" name="test_whole_original_witness_and_count[2025-05-26]" time="0.218" /><testcase classname="tests.dayahead.test_v39k_integration" name="test_pcc_from_frozen_c1_and_same_day_forecast[2025-05-23]" time="0.222" /><testcase classname="tests.dayahead.test_v39k_integration" name="test_pcc_from_frozen_c1_and_same_day_forecast[2025-05-24]" time="0.180" /><testcase classname="tests.dayahead.test_v39k_integration" name="test_pcc_from_frozen_c1_and_same_day_forecast[2025-05-25]" time="0.189" /><testcase classname="tests.dayahead.test_v39k_integration" name="test_pcc_from_frozen_c1_and_same_day_forecast[2025-05-26]" time="0.187" /><testcase classname="tests.dayahead.test_v39k_integration" name="test_loader_rejects_modified_decision_without_new_digest" time="0.058" /><testcase classname="tests.dayahead.test_v39k_integration" name="test_dynamic_gate_hold_release_and_incomplete_fail_closed" time="0.032" /><testcase classname="tests.dayahead.test_v39k_integration" name="test_forbidden_optimizer_constructors_are_blocked" time="0.000" /><testcase classname="tests.dayahead.test_v39k_integration" name="test_certified_composition_105" time="0.877" /><testcase classname="tests.dayahead.test_v39k_integration" name="test_actual_monitor_is_distinguished_from_query_helper" time="0.002" /></testsuite></testsuites>