<?xml version="1.0" encoding="utf-8"?><testsuites><testsuite name="pytest" errors="0" failures="0" skipped="0" tests="16" time="5.142" timestamp="2026-09-05T15:08:35.216942+09:00" hostname="JaewonKim"><testcase classname="tests.dayahead.test_v39k_integration" name="test_exact_eight_changes_and_no_unrelated_changes" time="0.003" /><testcase classname="tests.dayahead.test_v39k_integration" name="test_manifest_fails_closed[extra]" time="0.003" /><testcase classname="tests.dayahead.test_v39k_integration" name="test_manifest_fails_closed[missing]" time="0.003" /><testcase classname="tests.dayahead.test_v39k_integration" name="test_manifest_fails_closed[unchanged_target]" time="0.003" /><testcase classname="tests.dayahead.test_v39k_integration" name="test_whole_original_witness_and_count[2025-05-23]" time="0.318" /><testcase classname="tests.dayahead.test_v39k_integration" name="test_whole_original_witness_and_count[2025-05-24]" time="0.228" /><testcase classname="tests.dayahead.test_v39k_integration" name="test_whole_original_witness_and_count[2025-05-25]" time="0.210" /><testcase classname="tests.dayahead.test_v39k_integration" name="test_whole_original_witness_and_count[2025-05-26]" time="0.199" /><testcase classname="tests.dayahead.test_v39k_integration" name="test_pcc_from_frozen_c1_and_same_day_forecast[2025-05-23]" time="0.239" /><testcase classname="tests.dayahead.test_v39k_integration" name="test_pcc_from_frozen_c1_and_same_day_forecast[2025-05-24]" time="0.180" /><testcase classname="tests.dayahead.test_v39k_integration" name="test_pcc_from_frozen_c1_and_same_day_forecast[2025-05-25]" time="0.172" /><testcase classname="tests.dayahead.test_v39k_integration" name="test_pcc_from_frozen_c1_and_same_day_forecast[2025-05-26]" time="0.177" /><testcase classname="tests.dayahead.test_v39k_integration" name="test_loader_rejects_modified_decision_without_new_digest" time="0.045" /><testcase classname="tests.dayahead.test_v39k_integration" name="test_dynamic_gate_hold_release_and_incomplete_fail_closed" time="0.033" /><testcase classname="tests.dayahead.test_v39k_integration" name="test_forbidden_optimizer_constructors_are_blocked" time="0.000" /><testcase classname="tests.dayahead.test_v39k_integration" name="test_certified_composition_105" time="0.789" /></testsuite></testsuites>