<?xml version="1.0" encoding="utf-8"?><testsuites><testsuite name="pytest" errors="0" failures="0" skipped="0" tests="124" time="90.952" timestamp="2026-09-07T02:01:38.274897+09:00" hostname="JaewonKim"><testcase classname="tests.dayahead.test_v40s5r1_core" name="test_exact_parent_frozen_contract_and_pure_functions" time="0.002" /><testcase classname="tests.dayahead.test_v40s5r1_core" name="test_parent_closed_before_new_worktree" time="0.001" /><testcase classname="tests.dayahead.test_v40s5r1_core" name="test_exact_panel_identity_metadata_and_timezone" time="0.007" /><testcase classname="tests.dayahead.test_v40s5r1_core" name="test_preregistered_support_boundaries[99-0]" time="0.000" /><testcase classname="tests.dayahead.test_v40s5r1_core" name="test_preregistered_support_boundaries[100-3]" time="0.000" /><testcase classname="tests.dayahead.test_v40s5r1_core" name="test_preregistered_support_boundaries[249-3]" time="0.000" /><testcase classname="tests.dayahead.test_v40s5r1_core" name="test_preregistered_support_boundaries[250-5]" time="0.000" /><testcase classname="tests.dayahead.test_v40s5r1_core" name="test_preregistered_support_boundaries[421-5]" time="0.000" /><testcase classname="tests.dayahead.test_v40s5r1_core" name="test_fold_timestamp_blocks_and_expanding_history" time="0.008" /><testcase classname="tests.dayahead.test_v40s5r1_core" name="test_strict_cutoff_rejects_equal_end_and_future" time="0.002" /><testcase classname="tests.dayahead.test_v40s5r1_core" name="test_expanding_membership_requires_all_old_jobs_and_newly_completed" time="0.002" /><testcase classname="tests.dayahead.test_v40s5r1_core" name="test_preprocessing_exact_s5_at_first_origin" time="0.047" /><testcase classname="tests.dayahead.test_v40s5r1_core" name="test_unknown_and_numeric_missing_are_issue_local" time="0.005" /><testcase classname="tests.dayahead.test_v40s5r1_core" name="test_forbidden_fields_do_not_affect_predictor_matrix[start_time]" time="0.007" /><testcase classname="tests.dayahead.test_v40s5r1_core" name="test_forbidden_fields_do_not_affect_predictor_matrix[end_time]" time="0.007" /><testcase classname="tests.dayahead.test_v40s5r1_core" name="test_forbidden_fields_do_not_affect_predictor_matrix[runtime_seconds]" time="0.007" /><testcase classname="tests.dayahead.test_v40s5r1_core" name="test_forbidden_fields_do_not_affect_predictor_matrix[reference_safe_sec]" time="0.008" /><testcase classname="tests.dayahead.test_v40s5r1_core" name="test_forbidden_fields_do_not_affect_predictor_matrix[K0]" time="0.007" /><testcase classname="tests.dayahead.test_v40s5r1_core" name="test_forbidden_fields_do_not_affect_predictor_matrix[user]" time="0.007" /><testcase classname="tests.dayahead.test_v40s5r1_core" name="test_forbidden_fields_do_not_affect_predictor_matrix[account]" time="0.007" /><testcase classname="tests.dayahead.test_v40s5r1_core" name="test_forbidden_fields_do_not_affect_predictor_matrix[job_uid]" time="0.009" /><testcase classname="tests.dayahead.test_v40s5r1_core" name="test_forbidden_fields_do_not_affect_predictor_matrix[status]" time="0.007" /><testcase classname="tests.dayahead.test_v40s5r1_core" name="test_pw_exact_single_feature_removal" time="0.008" /><testcase classname="tests.dayahead.test_v40s5r1_core" name="test_label_reader_cannot_open_before_both_hashes[events0]" time="0.001" /><testcase classname="tests.dayahead.test_v40s5r1_core" name="test_label_reader_cannot_open_before_both_hashes[events1]" time="0.000" /><testcase classname="tests.dayahead.test_v40s5r1_core" name="test_prediction_projection_excludes_outcomes" time="0.000" /><testcase classname="tests.dayahead.test_v40s5r1_core" name="test_exact_formula_and_no_requested_cap" time="0.001" /><testcase classname="tests.dayahead.test_v40s5r1_core" name="test_metric_arithmetic_and_rounding_once" time="0.002" /><testcase classname="tests.dayahead.test_v40s5r1_core" name="test_daily_support_rule[99-False]" time="0.007" /><testcase classname="tests.dayahead.test_v40s5r1_core" name="test_daily_support_rule[100-True]" time="0.005" /><testcase classname="tests.dayahead.test_v40s5r1_core" name="test_daily_support_rule[101-True]" time="0.005" /><testcase classname="tests.dayahead.test_v40s5r1_core" name="test_safety_efficiency_and_selection_ignore_exposed" time="0.000" /><testcase classname="tests.dayahead.test_v40s5r1_core" name="test_diagnostic_material_threshold_fixed" time="0.000" /><testcase classname="tests.dayahead.test_v40s5r1_core" name="test_repeat_dates_predetermined_before_fit" time="0.005" /><testcase classname="tests.dayahead.test_v40s5r1_evidence" name="test_parent_and_entire_inherited_tree_unchanged" time="0.480" /><testcase classname="tests.dayahead.test_v40s5r1_evidence" name="test_one_expanding_membership_and_one_package_per_issue" time="0.011" /><testcase classname="tests.dayahead.test_v40s5r1_evidence" name="test_every_origin_exact_mature_membership_and_ooftime[20250314T080000Z]" time="0.079" /><testcase classname="tests.dayahead.test_v40s5r1_evidence" name="test_every_origin_exact_mature_membership_and_ooftime[20250315T080000Z]" time="0.108" /><testcase classname="tests.dayahead.test_v40s5r1_evidence" name="test_every_origin_exact_mature_membership_and_ooftime[20250316T080000Z]" time="0.116" /><testcase classname="tests.dayahead.test_v40s5r1_evidence" name="test_every_origin_exact_mature_membership_and_ooftime[20250317T080000Z]" time="0.119" /><testcase classname="tests.dayahead.test_v40s5r1_evidence" name="test_every_origin_exact_mature_membership_and_ooftime[20250318T080000Z]" time="0.318" /><testcase classname="tests.dayahead.test_v40s5r1_evidence" name="test_every_origin_exact_mature_membership_and_ooftime[20250319T080000Z]" time="0.365" /><testcase classname="tests.dayahead.test_v40s5r1_evidence" name="test_every_origin_exact_mature_membership_and_ooftime[20250320T080000Z]" time="0.472" /><testcase classname="tests.dayahead.test_v40s5r1_evidence" name="test_every_origin_exact_mature_membership_and_ooftime[20250321T080000Z]" time="0.478" /><testcase classname="tests.dayahead.test_v40s5r1_evidence" name="test_every_origin_exact_mature_membership_and_ooftime[20250322T080000Z]" time="0.476" /><testcase classname="tests.dayahead.test_v40s5r1_evidence" name="test_every_origin_exact_mature_membership_and_ooftime[20250323T080000Z]" time="0.509" /><testcase classname="tests.dayahead.test_v40s5r1_evidence" name="test_every_origin_exact_mature_membership_and_ooftime[20250324T080000Z]" time="0.495" /><testcase classname="tests.dayahead.test_v40s5r1_evidence" name="test_every_origin_exact_mature_membership_and_ooftime[20250325T080000Z]" time="0.621" /><testcase classname="tests.dayahead.test_v40s5r1_evidence" name="test_every_origin_exact_mature_membership_and_ooftime[20250326T080000Z]" time="0.706" /><testcase classname="tests.dayahead.test_v40s5r1_evidence" name="test_every_origin_exact_mature_membership_and_ooftime[20250327T080000Z]" time="0.691" /><testcase classname="tests.dayahead.test_v40s5r1_evidence" name="test_every_origin_exact_mature_membership_and_ooftime[20250328T080000Z]" time="0.615" /><testcase classname="tests.dayahead.test_v40s5r1_evidence" name="test_every_origin_exact_mature_membership_and_ooftime[20250329T080000Z]" time="0.776" /><testcase classname="tests.dayahead.test_v40s5r1_evidence" name="test_every_origin_exact_mature_membership_and_ooftime[20250330T080000Z]" time="1.030" /><testcase classname="tests.dayahead.test_v40s5r1_evidence" name="test_every_origin_exact_mature_membership_and_ooftime[20250402T080000Z]" time="1.045" /><testcase classname="tests.dayahead.test_v40s5r1_evidence" name="test_every_origin_exact_mature_membership_and_ooftime[20250403T080000Z]" time="0.781" /><testcase classname="tests.dayahead.test_v40s5r1_evidence" name="test_every_origin_exact_mature_membership_and_ooftime[20250404T080000Z]" time="0.796" /><testcase classname="tests.dayahead.test_v40s5r1_evidence" name="test_every_origin_exact_mature_membership_and_ooftime[20250405T080000Z]" time="0.835" /><testcase classname="tests.dayahead.test_v40s5r1_evidence" name="test_every_origin_exact_mature_membership_and_ooftime[20250406T080000Z]" time="0.839" /><testcase classname="tests.dayahead.test_v40s5r1_evidence" name="test_every_origin_exact_mature_membership_and_ooftime[20250407T080000Z]" time="0.916" /><testcase classname="tests.dayahead.test_v40s5r1_evidence" name="test_every_origin_exact_mature_membership_and_ooftime[20250410T080000Z]" time="0.933" /><testcase classname="tests.dayahead.test_v40s5r1_evidence" name="test_every_origin_exact_mature_membership_and_ooftime[20250411T080000Z]" time="1.088" /><testcase classname="tests.dayahead.test_v40s5r1_evidence" name="test_every_origin_exact_mature_membership_and_ooftime[20250412T080000Z]" time="1.076" /><testcase classname="tests.dayahead.test_v40s5r1_evidence" name="test_every_origin_exact_mature_membership_and_ooftime[20250413T080000Z]" time="1.076" /><testcase classname="tests.dayahead.test_v40s5r1_evidence" name="test_every_origin_exact_mature_membership_and_ooftime[20250414T080000Z]" time="1.163" /><testcase classname="tests.dayahead.test_v40s5r1_evidence" name="test_every_origin_exact_mature_membership_and_ooftime[20250416T080000Z]" time="1.448" /><testcase classname="tests.dayahead.test_v40s5r1_evidence" name="test_every_origin_exact_mature_membership_and_ooftime[20250417T080000Z]" time="2.026" /><testcase classname="tests.dayahead.test_v40s5r1_evidence" name="test_every_origin_exact_mature_membership_and_ooftime[20250418T080000Z]" time="2.054" /><testcase classname="tests.dayahead.test_v40s5r1_evidence" name="test_every_origin_exact_mature_membership_and_ooftime[20250419T080000Z]" time="2.058" /><testcase classname="tests.dayahead.test_v40s5r1_evidence" name="test_every_origin_exact_mature_membership_and_ooftime[20250420T080000Z]" time="2.032" /><testcase classname="tests.dayahead.test_v40s5r1_evidence" name="test_every_origin_exact_mature_membership_and_ooftime[20250421T080000Z]" time="2.009" /><testcase classname="tests.dayahead.test_v40s5r1_evidence" name="test_every_origin_exact_mature_membership_and_ooftime[20250422T080000Z]" time="2.025" /><testcase classname="tests.dayahead.test_v40s5r1_evidence" name="test_every_origin_exact_mature_membership_and_ooftime[20250423T080000Z]" time="2.047" /><testcase classname="tests.dayahead.test_v40s5r1_evidence" name="test_every_origin_prediction_hash_precedes_label_and_score[20250314T080000Z]" time="0.013" /><testcase classname="tests.dayahead.test_v40s5r1_evidence" name="test_every_origin_prediction_hash_precedes_label_and_score[20250315T080000Z]" time="0.011" /><testcase classname="tests.dayahead.test_v40s5r1_evidence" name="test_every_origin_prediction_hash_precedes_label_and_score[20250316T080000Z]" time="0.010" /><testcase classname="tests.dayahead.test_v40s5r1_evidence" name="test_every_origin_prediction_hash_precedes_label_and_score[20250317T080000Z]" time="0.010" /><testcase classname="tests.dayahead.test_v40s5r1_evidence" name="test_every_origin_prediction_hash_precedes_label_and_score[20250318T080000Z]" time="0.011" /><testcase classname="tests.dayahead.test_v40s5r1_evidence" name="test_every_origin_prediction_hash_precedes_label_and_score[20250319T080000Z]" time="0.011" /><testcase classname="tests.dayahead.test_v40s5r1_evidence" name="test_every_origin_prediction_hash_precedes_label_and_score[20250320T080000Z]" time="0.012" /><testcase classname="tests.dayahead.test_v40s5r1_evidence" name="test_every_origin_prediction_hash_precedes_label_and_score[20250321T080000Z]" time="0.012" /><testcase classname="tests.dayahead.test_v40s5r1_evidence" name="test_every_origin_prediction_hash_precedes_label_and_score[20250322T080000Z]" time="0.012" /><testcase classname="tests.dayahead.test_v40s5r1_evidence" name="test_every_origin_prediction_hash_precedes_label_and_score[20250323T080000Z]" time="0.013" /><testcase classname="tests.dayahead.test_v40s5r1_evidence" name="test_every_origin_prediction_hash_precedes_label_and_score[20250324T080000Z]" time="0.013" /><testcase classname="tests.dayahead.test_v40s5r1_evidence" name="test_every_origin_prediction_hash_precedes_label_and_score[20250325T080000Z]" time="0.013" /><testcase classname="tests.dayahead.test_v40s5r1_evidence" name="test_every_origin_prediction_hash_precedes_label_and_score[20250326T080000Z]" time="0.013" /><testcase classname="tests.dayahead.test_v40s5r1_evidence" name="test_every_origin_prediction_hash_precedes_label_and_score[20250327T080000Z]" time="0.013" /><testcase classname="tests.dayahead.test_v40s5r1_evidence" name="test_every_origin_prediction_hash_precedes_label_and_score[20250328T080000Z]" time="0.014" /><testcase classname="tests.dayahead.test_v40s5r1_evidence" name="test_every_origin_prediction_hash_precedes_label_and_score[20250329T080000Z]" time="0.013" /><testcase classname="tests.dayahead.test_v40s5r1_evidence" name="test_every_origin_prediction_hash_precedes_label_and_score[20250330T080000Z]" time="0.014" /><testcase classname="tests.dayahead.test_v40s5r1_evidence" name="test_every_origin_prediction_hash_precedes_label_and_score[20250402T080000Z]" time="0.014" /><testcase classname="tests.dayahead.test_v40s5r1_evidence" name="test_every_origin_prediction_hash_precedes_label_and_score[20250403T080000Z]" time="0.013" /><testcase classname="tests.dayahead.test_v40s5r1_evidence" name="test_every_origin_prediction_hash_precedes_label_and_score[20250404T080000Z]" time="0.014" /><testcase classname="tests.dayahead.test_v40s5r1_evidence" name="test_every_origin_prediction_hash_precedes_label_and_score[20250405T080000Z]" time="0.012" /><testcase classname="tests.dayahead.test_v40s5r1_evidence" name="test_every_origin_prediction_hash_precedes_label_and_score[20250406T080000Z]" time="0.013" /><testcase classname="tests.dayahead.test_v40s5r1_evidence" name="test_every_origin_prediction_hash_precedes_label_and_score[20250407T080000Z]" time="0.012" /><testcase classname="tests.dayahead.test_v40s5r1_evidence" name="test_every_origin_prediction_hash_precedes_label_and_score[20250410T080000Z]" time="0.012" /><testcase classname="tests.dayahead.test_v40s5r1_evidence" name="test_every_origin_prediction_hash_precedes_label_and_score[20250411T080000Z]" time="0.012" /><testcase classname="tests.dayahead.test_v40s5r1_evidence" name="test_every_origin_prediction_hash_precedes_label_and_score[20250412T080000Z]" time="0.012" /><testcase classname="tests.dayahead.test_v40s5r1_evidence" name="test_every_origin_prediction_hash_precedes_label_and_score[20250413T080000Z]" time="0.012" /><testcase classname="tests.dayahead.test_v40s5r1_evidence" name="test_every_origin_prediction_hash_precedes_label_and_score[20250414T080000Z]" time="0.012" /><testcase classname="tests.dayahead.test_v40s5r1_evidence" name="test_every_origin_prediction_hash_precedes_label_and_score[20250416T080000Z]" time="0.011" /><testcase classname="tests.dayahead.test_v40s5r1_evidence" name="test_every_origin_prediction_hash_precedes_label_and_score[20250417T080000Z]" time="0.012" /><testcase classname="tests.dayahead.test_v40s5r1_evidence" name="test_every_origin_prediction_hash_precedes_label_and_score[20250418T080000Z]" time="0.013" /><testcase classname="tests.dayahead.test_v40s5r1_evidence" name="test_every_origin_prediction_hash_precedes_label_and_score[20250419T080000Z]" time="0.014" /><testcase classname="tests.dayahead.test_v40s5r1_evidence" name="test_every_origin_prediction_hash_precedes_label_and_score[20250420T080000Z]" time="0.012" /><testcase classname="tests.dayahead.test_v40s5r1_evidence" name="test_every_origin_prediction_hash_precedes_label_and_score[20250421T080000Z]" time="0.012" /><testcase classname="tests.dayahead.test_v40s5r1_evidence" name="test_every_origin_prediction_hash_precedes_label_and_score[20250422T080000Z]" time="0.012" /><testcase classname="tests.dayahead.test_v40s5r1_evidence" name="test_every_origin_prediction_hash_precedes_label_and_score[20250423T080000Z]" time="0.011" /><testcase classname="tests.dayahead.test_v40s5r1_evidence" name="test_exact_predictions_metrics_daily_support_and_candidates[TRAIN-P]" time="0.367" /><testcase classname="tests.dayahead.test_v40s5r1_evidence" name="test_exact_predictions_metrics_daily_support_and_candidates[TRAIN-PW]" time="0.181" /><testcase classname="tests.dayahead.test_v40s5r1_evidence" name="test_exact_predictions_metrics_daily_support_and_candidates[DEVELOPMENT-P]" time="0.505" /><testcase classname="tests.dayahead.test_v40s5r1_evidence" name="test_exact_predictions_metrics_daily_support_and_candidates[DEVELOPMENT-PW]" time="0.140" /><testcase classname="tests.dayahead.test_v40s5r1_evidence" name="test_exact_predictions_metrics_daily_support_and_candidates[CALIBRATION-P]" time="0.294" /><testcase classname="tests.dayahead.test_v40s5r1_evidence" name="test_exact_predictions_metrics_daily_support_and_candidates[CALIBRATION-PW]" time="0.181" /><testcase classname="tests.dayahead.test_v40s5r1_evidence" name="test_exact_predictions_metrics_daily_support_and_candidates[EXPOSED_EVALUATION-P]" time="0.649" /><testcase classname="tests.dayahead.test_v40s5r1_evidence" name="test_exact_predictions_metrics_daily_support_and_candidates[EXPOSED_EVALUATION-PW]" time="0.309" /><testcase classname="tests.dayahead.test_v40s5r1_evidence" name="test_first_origin_is_exact_static_s5_package_behavior" time="0.027" /><testcase classname="tests.dayahead.test_v40s5r1_evidence" name="test_safety_efficiency_selection_independent_recomputation" time="0.078" /><testcase classname="tests.dayahead.test_v40s5r1_evidence" name="test_prereg_and_selection_commits_precede_their_stages" time="50.447" /><testcase classname="tests.dayahead.test_v40s5r1_evidence" name="test_prior_exposed_labels_enter_only_after_maturity" time="0.457" /><testcase classname="tests.dayahead.test_v40s5r1_evidence" name="test_static_comparison_and_pw_do_not_select" time="0.007" /><testcase classname="tests.dayahead.test_v40s5r1_evidence" name="test_maturity_diagnostic_and_unique_job_denominator" time="0.259" /><testcase classname="tests.dayahead.test_v40s5r1_evidence" name="test_independent_repeats_all_five_full_packages" time="0.015" /><testcase classname="tests.dayahead.test_v40s5r1_evidence" name="test_firewalls_holds_adapter_and_no_operational_imports" time="0.126" /></testsuite></testsuites>