<?xml version="1.0" encoding="utf-8"?><testsuites><testsuite name="pytest" errors="0" failures="0" skipped="0" tests="111" time="6.037" timestamp="2026-09-07T04:37:22.367368+09:00" hostname="JaewonKim"><testcase classname="tests.dayahead.test_v41_actual" name="test_actual_replaces_runtime_preserves_policy_start_site_rack" time="0.001" /><testcase classname="tests.dayahead.test_v41_actual" name="test_unselected_policy_is_explicit_backlog_no_historical_policy_record" time="0.001" /><testcase classname="tests.dayahead.test_v41_actual" name="test_realized_overload_is_reported_without_rescheduling_or_clipping" time="0.001" /><testcase classname="tests.dayahead.test_v41_actual" name="test_missing_actual_runtime_is_real_data_error" time="0.001" /><testcase classname="tests.dayahead.test_v41_actual" name="test_running_migration_retains_frozen_checkpoint_and_ready" time="0.006" /><testcase classname="tests.dayahead.test_v41_actual_dispatch" name="test_exact_ten_second_contention_delay_preserves_every_DA_decision" time="0.136" /><testcase classname="tests.dayahead.test_v41_actual_dispatch" name="test_delay_propagates_and_tie_order_ignores_realized_runtime" time="0.017" /><testcase classname="tests.dayahead.test_v41_actual_dispatch" name="test_no_ML_Q90_or_global_optimizer_called" time="0.010" /><testcase classname="tests.dayahead.test_v41_actual_dispatch" name="test_rack_and_gpu_are_hard_and_selected_jobs_are_never_dropped" time="0.007" /><testcase classname="tests.dayahead.test_v41_actual_dispatch" name="test_rates_include_horizon_incompletion_without_invented_carryover" time="0.005" /><testcase classname="tests.dayahead.test_v41_actual_dispatch" name="test_B0_retention_rejects_any_change_to_day_ahead_function" time="0.017" /><testcase classname="tests.dayahead.test_v41_actual_dispatch" name="test_may01_aidc01_65_64_contention_resolves_exactly_10_seconds" time="0.028" /><testcase classname="tests.dayahead.test_v41_campaign" name="test_windows_duplicate_campaign_lock_is_rejected" time="0.003" /><testcase classname="tests.dayahead.test_v41_campaign" name="test_graceful_stop_only_writes_request_preserves_scientific_results" time="0.012" /><testcase classname="tests.dayahead.test_v41_campaign" name="test_valid_completed_phase_is_reopened_and_skipped_without_solver" time="0.014" /><testcase classname="tests.dayahead.test_v41_campaign" name="test_different_scientific_commit_cannot_resume" time="0.008" /><testcase classname="tests.dayahead.test_v41_detached_environment" name="test_service_path_without_git_is_provisioned_before_frozen_commit_check" time="0.107" /><testcase classname="tests.dayahead.test_v41_detached_environment" name="test_missing_relative_git_fails_before_any_worker" time="0.000" /><testcase classname="tests.dayahead.test_v41_detached_environment" name="test_worker_arguments_keep_kind_token_and_git_path_separate" time="0.000" /><testcase classname="tests.dayahead.test_v41_legacy_p0" name="test_p0_01_old_success_is_not_v41_execution[B0]" time="0.005" /><testcase classname="tests.dayahead.test_v41_legacy_p0" name="test_p0_01_old_success_is_not_v41_execution[B1]" time="0.004" /><testcase classname="tests.dayahead.test_v41_legacy_p0" name="test_p0_01_old_success_is_not_v41_execution[B2]" time="0.004" /><testcase classname="tests.dayahead.test_v41_legacy_p0" name="test_p0_01_old_success_is_not_v41_execution[B3]" time="0.005" /><testcase classname="tests.dayahead.test_v41_legacy_p0" name="test_complete_current_day_ahead_verifies_source_and_artifact_manifests" time="0.038" /><testcase classname="tests.dayahead.test_v41_legacy_p0" name="test_p0_03_v41_snapshot_changes_all_cache_families" time="0.023" /><testcase classname="tests.dayahead.test_v41_legacy_p0" name="test_p0_04_v41_requires_actual_generation_proof[legacy]" time="0.007" /><testcase classname="tests.dayahead.test_v41_legacy_p0" name="test_p0_04_v41_requires_actual_generation_proof[posthoc]" time="0.000" /><testcase classname="tests.dayahead.test_v41_legacy_p0" name="test_p0_04_v41_requires_actual_generation_proof[reused]" time="0.000" /><testcase classname="tests.dayahead.test_v41_legacy_p0" name="test_p0_04_v41_requires_actual_generation_proof[no_solve]" time="0.000" /><testcase classname="tests.dayahead.test_v41_legacy_p0" name="test_p0_04_v41_requires_actual_generation_proof[nonconverged]" time="0.000" /><testcase classname="tests.dayahead.test_v41_legacy_p0" name="test_p0_04_v41_requires_actual_generation_proof[late_identity]" time="0.000" /><testcase classname="tests.dayahead.test_v41_legacy_p0" name="test_p0_05_reuse_requires_current_generation_inputs[ML_snapshot]" time="0.000" /><testcase classname="tests.dayahead.test_v41_legacy_p0" name="test_p0_05_reuse_requires_current_generation_inputs[electrical]" time="0.000" /><testcase classname="tests.dayahead.test_v41_legacy_p0" name="test_p0_05_reuse_requires_current_generation_inputs[common_service_SHA]" time="0.000" /><testcase classname="tests.dayahead.test_v41_legacy_p0" name="test_p0_07_8749975_not_excluded_from_counterfactual_day" time="0.043" /><testcase classname="tests.dayahead.test_v41_legacy_p0" name="test_corrected_mapper_never_forwards_native_loads_to_duplicated_branch" time="0.027" /><testcase classname="tests.dayahead.test_v41_legacy_p0" name="test_all_shared_bus_phase_load_groups_have_conserved_native_allocation" time="0.001" /><testcase classname="tests.dayahead.test_v41_persistence" name="test_raw_and_actionable_coverage_are_independent_results" time="0.019" /><testcase classname="tests.dayahead.test_v41_persistence" name="test_optimizer_persists_81_scalar_constraint_rows" time="0.026" /><testcase classname="tests.dayahead.test_v41_persistence" name="test_saved_rows_cannot_be_replaced_or_silently_repaired" time="0.011" /><testcase classname="tests.dayahead.test_v41_persistence" name="test_service_level_uses_085_not_observed_cal_or_exposed_coverage" time="0.001" /><testcase classname="tests.dayahead.test_v41_scalar_interface" name="test_every_policy_and_stage_consumes_identical_scalar_projection[REFERENCE-B0]" time="0.001" /><testcase classname="tests.dayahead.test_v41_scalar_interface" name="test_every_policy_and_stage_consumes_identical_scalar_projection[REFERENCE-B1]" time="0.001" /><testcase classname="tests.dayahead.test_v41_scalar_interface" name="test_every_policy_and_stage_consumes_identical_scalar_projection[REFERENCE-B2]" time="0.001" /><testcase classname="tests.dayahead.test_v41_scalar_interface" name="test_every_policy_and_stage_consumes_identical_scalar_projection[REFERENCE-B3]" time="0.001" /><testcase classname="tests.dayahead.test_v41_scalar_interface" name="test_every_policy_and_stage_consumes_identical_scalar_projection[A0-B0]" time="0.001" /><testcase classname="tests.dayahead.test_v41_scalar_interface" name="test_every_policy_and_stage_consumes_identical_scalar_projection[A0-B1]" time="0.001" /><testcase classname="tests.dayahead.test_v41_scalar_interface" name="test_every_policy_and_stage_consumes_identical_scalar_projection[A0-B2]" time="0.001" /><testcase classname="tests.dayahead.test_v41_scalar_interface" name="test_every_policy_and_stage_consumes_identical_scalar_projection[A0-B3]" time="0.001" /><testcase classname="tests.dayahead.test_v41_scalar_interface" name="test_every_policy_and_stage_consumes_identical_scalar_projection[A1-B0]" time="0.001" /><testcase classname="tests.dayahead.test_v41_scalar_interface" name="test_every_policy_and_stage_consumes_identical_scalar_projection[A1-B1]" time="0.001" /><testcase classname="tests.dayahead.test_v41_scalar_interface" name="test_every_policy_and_stage_consumes_identical_scalar_projection[A1-B2]" time="0.001" /><testcase classname="tests.dayahead.test_v41_scalar_interface" name="test_every_policy_and_stage_consumes_identical_scalar_projection[A1-B3]" time="0.001" /><testcase classname="tests.dayahead.test_v41_scalar_interface" name="test_runtime_cannot_be_probability_object_or_invalid_scalar[True]" time="0.001" /><testcase classname="tests.dayahead.test_v41_scalar_interface" name="test_runtime_cannot_be_probability_object_or_invalid_scalar[None]" time="0.001" /><testcase classname="tests.dayahead.test_v41_scalar_interface" name="test_runtime_cannot_be_probability_object_or_invalid_scalar[bad2]" time="0.001" /><testcase classname="tests.dayahead.test_v41_scalar_interface" name="test_runtime_cannot_be_probability_object_or_invalid_scalar[bad3]" time="0.001" /><testcase classname="tests.dayahead.test_v41_scalar_interface" name="test_runtime_cannot_be_probability_object_or_invalid_scalar[nan]" time="0.001" /><testcase classname="tests.dayahead.test_v41_scalar_interface" name="test_runtime_cannot_be_probability_object_or_invalid_scalar[inf]" time="0.001" /><testcase classname="tests.dayahead.test_v41_scalar_interface" name="test_runtime_cannot_be_probability_object_or_invalid_scalar[0.0]" time="0.001" /><testcase classname="tests.dayahead.test_v41_scalar_interface" name="test_runtime_cannot_be_probability_object_or_invalid_scalar[-1.0]" time="0.001" /><testcase classname="tests.dayahead.test_v41_scalar_interface" name="test_runtime_ceil_once[1.0-1]" time="0.001" /><testcase classname="tests.dayahead.test_v41_scalar_interface" name="test_runtime_ceil_once[900.0-1]" time="0.001" /><testcase classname="tests.dayahead.test_v41_scalar_interface" name="test_runtime_ceil_once[900.00001-2]" time="0.001" /><testcase classname="tests.dayahead.test_v41_scalar_interface" name="test_runtime_ceil_once[1800.0-2]" time="0.001" /><testcase classname="tests.dayahead.test_v41_scalar_interface" name="test_h4_requires_one_finite_nonnegative_scalar_per_window[True]" time="0.001" /><testcase classname="tests.dayahead.test_v41_scalar_interface" name="test_h4_requires_one_finite_nonnegative_scalar_per_window[None]" time="0.001" /><testcase classname="tests.dayahead.test_v41_scalar_interface" name="test_h4_requires_one_finite_nonnegative_scalar_per_window[bad2]" time="0.001" /><testcase classname="tests.dayahead.test_v41_scalar_interface" name="test_h4_requires_one_finite_nonnegative_scalar_per_window[bad3]" time="0.001" /><testcase classname="tests.dayahead.test_v41_scalar_interface" name="test_h4_requires_one_finite_nonnegative_scalar_per_window[nan]" time="0.001" /><testcase classname="tests.dayahead.test_v41_scalar_interface" name="test_h4_requires_one_finite_nonnegative_scalar_per_window[inf]" time="0.001" /><testcase classname="tests.dayahead.test_v41_scalar_interface" name="test_h4_requires_one_finite_nonnegative_scalar_per_window[-1.0]" time="0.001" /><testcase classname="tests.dayahead.test_v41_scalar_interface" name="test_hist_cap_uses_registered_finite_sample_order_statistic" time="0.000" /><testcase classname="tests.dayahead.test_v41_scalar_interface" name="test_real_a0_solver_result_ignores_legacy_probabilities" time="0.888" /><testcase classname="tests.dayahead.test_v41_scalar_interface" name="test_real_a1_solver_result_ignores_legacy_probabilities" time="0.822" /><testcase classname="tests.dayahead.test_v41_scalar_interface" name="test_snapshot_mutation_rejected_at_optimizer_entry" time="0.025" /><testcase classname="tests.dayahead.test_v41_scientific_archive" name="test_complete_cartesian_time_topology_and_missing_critical_slot" time="0.060" /><testcase classname="tests.dayahead.test_v41_scientific_archive" name="test_complete_electrical_tables_reconstruct_physical_extrema" time="0.239" /><testcase classname="tests.dayahead.test_v41_scientific_archive" name="test_missing_grid_observation_is_a_failure" time="0.002" /><testcase classname="tests.dayahead.test_v41_scientific_archive" name="test_manifest_readback_orphans_missing_and_corruption" time="0.046" /><testcase classname="tests.dayahead.test_v41_scientific_archive" name="test_summary_and_solver_pass_cannot_mark_a_phase_complete" time="0.007" /><testcase classname="tests.dayahead.test_v41_scientific_archive" name="test_comparison_requires_identical_site_time_axis" time="0.030" /><testcase classname="tests.dayahead.test_v41_scientific_archive" name="test_nested_stage_payload_roundtrips_dataclasses_without_changing_them" time="0.011" /><testcase classname="tests.dayahead.test_v41_scientific_archive" name="test_actual_cannot_open_inputs_without_verified_day_ahead" time="0.002" /><testcase classname="tests.dayahead.test_v41_scientific_archive" name="test_observed_solver_preserves_values_and_freeze_ledger" time="0.027" /><testcase classname="tests.dayahead.test_v41_scientific_archive" name="test_all_four_mess_have_exact_96_slot_state_and_route_rows" time="0.326" /><testcase classname="tests.dayahead.test_v41_scientific_archive" name="test_actual_input_manifest_has_frozen_boundary_and_source_hashes" time="0.144" /><testcase classname="tests.dayahead.test_v41_scientific_archive" name="test_stage_snapshots_contain_inputs_allowed_frozen_and_decision_hashes" time="0.208" /><testcase classname="tests.dayahead.test_v41_scientific_archive" name="test_atomic_republication_closes_source_before_replace" time="0.046" /><testcase classname="tests.dayahead.test_v41_scientific_archive" name="test_fixed_route_travel_comparison_and_empty_fleet" time="0.055" /><testcase classname="tests.dayahead.test_v41_scientific_archive" name="test_frozen_route_persists_each_from_to_road_node_in_order" time="0.004" /><testcase classname="tests.dayahead.test_v41r1_authority_stop" name="test_premay_date_boundary[2025-01-13]" time="0.001" /><testcase classname="tests.dayahead.test_v41r1_authority_stop" name="test_premay_date_boundary[2025-03-10]" time="0.001" /><testcase classname="tests.dayahead.test_v41r1_authority_stop" name="test_premay_date_boundary[2025-04-01]" time="0.001" /><testcase classname="tests.dayahead.test_v41r1_authority_stop" name="test_premay_date_boundary[2025-04-30]" time="0.001" /><testcase classname="tests.dayahead.test_v41r1_authority_stop" name="test_may_and_later_are_rejected[2025-05-01]" time="0.001" /><testcase classname="tests.dayahead.test_v41r1_authority_stop" name="test_may_and_later_are_rejected[2025-05-02]" time="0.001" /><testcase classname="tests.dayahead.test_v41r1_authority_stop" name="test_may_and_later_are_rejected[2025-05-31]" time="0.001" /><testcase classname="tests.dayahead.test_v41r1_authority_stop" name="test_may_and_later_are_rejected[2025-06-01]" time="0.001" /><testcase classname="tests.dayahead.test_v41r1_authority_stop" name="test_undated_or_mixed_date_numerical_paths_rejected[undated/OPENDSS_PHASE_ARRAYS.npz]" time="0.001" /><testcase classname="tests.dayahead.test_v41r1_authority_stop" name="test_undated_or_mixed_date_numerical_paths_rejected[2025-04-01/source_2025-05-01.npz]" time="0.001" /><testcase classname="tests.dayahead.test_v41r1_authority_stop" name="test_undated_or_mixed_date_numerical_paths_rejected[20250502/OPENDSS_PHASE_ARRAYS.npz]" time="0.001" /><testcase classname="tests.dayahead.test_v41r1_authority_stop" name="test_empty_authority_cannot_be_zero_margin" time="0.003" /><testcase classname="tests.dayahead.test_v41r1_authority_stop" name="test_nonempty_unverified_input_cannot_bypass_audit" time="0.001" /><testcase classname="tests.dayahead.test_v41r1_authority_stop" name="test_no_freeze_or_launch_is_claimed_on_empty_population" time="0.001" /><testcase classname="tests.dayahead.test_v41r1_authority_stop" name="test_no_legacy_mapper_or_fresh_sample_admitted" time="0.048" /><testcase classname="tests.dayahead.test_v41r1_authority_stop" name="test_empty_tables_readback_and_hash[V41R1_PREMAY_VOLTAGE_ELEMENT_RESIDUALS.parquet]" time="0.005" /><testcase classname="tests.dayahead.test_v41r1_authority_stop" name="test_empty_tables_readback_and_hash[V41R1_PREMAY_VOLTAGE_DAILY_MAX.parquet]" time="0.003" /><testcase classname="tests.dayahead.test_v41r1_authority_stop" name="test_firewall_and_old_preservation" time="0.001" /><testcase classname="tests.dayahead.test_v41r1_authority_stop" name="test_scientific_contracts_unchanged" time="0.381" /><testcase classname="tests.dayahead.test_v41r1_authority_stop" name="test_background_native_readback" time="0.003" /></testsuite></testsuites>