<?xml version="1.0" encoding="utf-8"?><testsuites><testsuite name="pytest" errors="0" failures="0" skipped="0" tests="165" time="9.657" timestamp="2026-09-07T03:40:02.092508+09:00" hostname="JaewonKim"><testcase classname="tests.dayahead.test_v41_scalar_interface" name="test_every_policy_and_stage_consumes_identical_scalar_projection[REFERENCE-B0]" time="0.002" /><testcase classname="tests.dayahead.test_v41_scalar_interface" name="test_every_policy_and_stage_consumes_identical_scalar_projection[REFERENCE-B1]" time="0.002" /><testcase classname="tests.dayahead.test_v41_scalar_interface" name="test_every_policy_and_stage_consumes_identical_scalar_projection[REFERENCE-B2]" time="0.001" /><testcase classname="tests.dayahead.test_v41_scalar_interface" name="test_every_policy_and_stage_consumes_identical_scalar_projection[REFERENCE-B3]" time="0.001" /><testcase classname="tests.dayahead.test_v41_scalar_interface" name="test_every_policy_and_stage_consumes_identical_scalar_projection[A0-B0]" time="0.001" /><testcase classname="tests.dayahead.test_v41_scalar_interface" name="test_every_policy_and_stage_consumes_identical_scalar_projection[A0-B1]" time="0.001" /><testcase classname="tests.dayahead.test_v41_scalar_interface" name="test_every_policy_and_stage_consumes_identical_scalar_projection[A0-B2]" time="0.001" /><testcase classname="tests.dayahead.test_v41_scalar_interface" name="test_every_policy_and_stage_consumes_identical_scalar_projection[A0-B3]" time="0.001" /><testcase classname="tests.dayahead.test_v41_scalar_interface" name="test_every_policy_and_stage_consumes_identical_scalar_projection[A1-B0]" time="0.001" /><testcase classname="tests.dayahead.test_v41_scalar_interface" name="test_every_policy_and_stage_consumes_identical_scalar_projection[A1-B1]" time="0.001" /><testcase classname="tests.dayahead.test_v41_scalar_interface" name="test_every_policy_and_stage_consumes_identical_scalar_projection[A1-B2]" time="0.001" /><testcase classname="tests.dayahead.test_v41_scalar_interface" name="test_every_policy_and_stage_consumes_identical_scalar_projection[A1-B3]" time="0.001" /><testcase classname="tests.dayahead.test_v41_scalar_interface" name="test_runtime_cannot_be_probability_object_or_invalid_scalar[True]" time="0.001" /><testcase classname="tests.dayahead.test_v41_scalar_interface" name="test_runtime_cannot_be_probability_object_or_invalid_scalar[None]" time="0.001" /><testcase classname="tests.dayahead.test_v41_scalar_interface" name="test_runtime_cannot_be_probability_object_or_invalid_scalar[bad2]" time="0.001" /><testcase classname="tests.dayahead.test_v41_scalar_interface" name="test_runtime_cannot_be_probability_object_or_invalid_scalar[bad3]" time="0.001" /><testcase classname="tests.dayahead.test_v41_scalar_interface" name="test_runtime_cannot_be_probability_object_or_invalid_scalar[nan]" time="0.001" /><testcase classname="tests.dayahead.test_v41_scalar_interface" name="test_runtime_cannot_be_probability_object_or_invalid_scalar[inf]" time="0.001" /><testcase classname="tests.dayahead.test_v41_scalar_interface" name="test_runtime_cannot_be_probability_object_or_invalid_scalar[0.0]" time="0.001" /><testcase classname="tests.dayahead.test_v41_scalar_interface" name="test_runtime_cannot_be_probability_object_or_invalid_scalar[-1.0]" time="0.001" /><testcase classname="tests.dayahead.test_v41_scalar_interface" name="test_runtime_ceil_once[1.0-1]" time="0.001" /><testcase classname="tests.dayahead.test_v41_scalar_interface" name="test_runtime_ceil_once[900.0-1]" time="0.001" /><testcase classname="tests.dayahead.test_v41_scalar_interface" name="test_runtime_ceil_once[900.00001-2]" time="0.001" /><testcase classname="tests.dayahead.test_v41_scalar_interface" name="test_runtime_ceil_once[1800.0-2]" time="0.001" /><testcase classname="tests.dayahead.test_v41_scalar_interface" name="test_h4_requires_one_finite_nonnegative_scalar_per_window[True]" time="0.001" /><testcase classname="tests.dayahead.test_v41_scalar_interface" name="test_h4_requires_one_finite_nonnegative_scalar_per_window[None]" time="0.001" /><testcase classname="tests.dayahead.test_v41_scalar_interface" name="test_h4_requires_one_finite_nonnegative_scalar_per_window[bad2]" time="0.001" /><testcase classname="tests.dayahead.test_v41_scalar_interface" name="test_h4_requires_one_finite_nonnegative_scalar_per_window[bad3]" time="0.001" /><testcase classname="tests.dayahead.test_v41_scalar_interface" name="test_h4_requires_one_finite_nonnegative_scalar_per_window[nan]" time="0.001" /><testcase classname="tests.dayahead.test_v41_scalar_interface" name="test_h4_requires_one_finite_nonnegative_scalar_per_window[inf]" time="0.001" /><testcase classname="tests.dayahead.test_v41_scalar_interface" name="test_h4_requires_one_finite_nonnegative_scalar_per_window[-1.0]" time="0.001" /><testcase classname="tests.dayahead.test_v41_scalar_interface" name="test_hist_cap_uses_registered_finite_sample_order_statistic" time="0.000" /><testcase classname="tests.dayahead.test_v41_scalar_interface" name="test_real_a0_solver_result_ignores_legacy_probabilities" time="0.392" /><testcase classname="tests.dayahead.test_v41_scalar_interface" name="test_real_a1_solver_result_ignores_legacy_probabilities" time="0.290" /><testcase classname="tests.dayahead.test_v41_scalar_interface" name="test_snapshot_mutation_rejected_at_optimizer_entry" time="0.010" /><testcase classname="tests.dayahead.test_v41_actual" name="test_actual_replaces_runtime_preserves_policy_start_site_rack" time="0.002" /><testcase classname="tests.dayahead.test_v41_actual" name="test_unselected_policy_is_explicit_backlog_no_historical_policy_record" time="0.001" /><testcase classname="tests.dayahead.test_v41_actual" name="test_realized_overload_is_reported_without_rescheduling_or_clipping" time="0.001" /><testcase classname="tests.dayahead.test_v41_actual" name="test_missing_actual_runtime_is_real_data_error" time="0.001" /><testcase classname="tests.dayahead.test_v41_actual" name="test_running_migration_retains_frozen_checkpoint_and_ready" time="0.001" /><testcase classname="tests.dayahead.test_v41_persistence" name="test_raw_and_actionable_coverage_are_independent_results" time="0.054" /><testcase classname="tests.dayahead.test_v41_persistence" name="test_optimizer_persists_81_scalar_constraint_rows" time="0.029" /><testcase classname="tests.dayahead.test_v41_persistence" name="test_saved_rows_cannot_be_replaced_or_silently_repaired" time="0.012" /><testcase classname="tests.dayahead.test_v41_persistence" name="test_service_level_uses_085_not_observed_cal_or_exposed_coverage" time="0.004" /><testcase classname="tests.dayahead.test_v41_scientific_archive" name="test_complete_cartesian_time_topology_and_missing_critical_slot" time="0.029" /><testcase classname="tests.dayahead.test_v41_scientific_archive" name="test_complete_electrical_tables_reconstruct_physical_extrema" time="0.130" /><testcase classname="tests.dayahead.test_v41_scientific_archive" name="test_missing_grid_observation_is_a_failure" time="0.002" /><testcase classname="tests.dayahead.test_v41_scientific_archive" name="test_manifest_readback_orphans_missing_and_corruption" time="0.023" /><testcase classname="tests.dayahead.test_v41_scientific_archive" name="test_summary_and_solver_pass_cannot_mark_a_phase_complete" time="0.004" /><testcase classname="tests.dayahead.test_v41_scientific_archive" name="test_comparison_requires_identical_site_time_axis" time="0.017" /><testcase classname="tests.dayahead.test_v41_scientific_archive" name="test_nested_stage_payload_roundtrips_dataclasses_without_changing_them" time="0.005" /><testcase classname="tests.dayahead.test_v41_scientific_archive" name="test_actual_cannot_open_inputs_without_verified_day_ahead" time="0.001" /><testcase classname="tests.dayahead.test_v41_scientific_archive" name="test_observed_solver_preserves_values_and_freeze_ledger" time="0.019" /><testcase classname="tests.dayahead.test_v41_scientific_archive" name="test_all_four_mess_have_exact_96_slot_state_and_route_rows" time="0.134" /><testcase classname="tests.dayahead.test_v41_scientific_archive" name="test_actual_input_manifest_has_frozen_boundary_and_source_hashes" time="0.078" /><testcase classname="tests.dayahead.test_v41_scientific_archive" name="test_stage_snapshots_contain_inputs_allowed_frozen_and_decision_hashes" time="0.126" /><testcase classname="tests.dayahead.test_v41_scientific_archive" name="test_atomic_republication_closes_source_before_replace" time="0.023" /><testcase classname="tests.dayahead.test_v41_scientific_archive" name="test_fixed_route_travel_comparison_and_empty_fleet" time="0.030" /><testcase classname="tests.dayahead.test_v41_legacy_p0" name="test_p0_01_old_success_is_not_v41_execution[B0]" time="0.005" /><testcase classname="tests.dayahead.test_v41_legacy_p0" name="test_p0_01_old_success_is_not_v41_execution[B1]" time="0.005" /><testcase classname="tests.dayahead.test_v41_legacy_p0" name="test_p0_01_old_success_is_not_v41_execution[B2]" time="0.004" /><testcase classname="tests.dayahead.test_v41_legacy_p0" name="test_p0_01_old_success_is_not_v41_execution[B3]" time="0.004" /><testcase classname="tests.dayahead.test_v41_legacy_p0" name="test_p0_03_v41_snapshot_changes_all_cache_families" time="0.023" /><testcase classname="tests.dayahead.test_v41_legacy_p0" name="test_p0_04_v41_requires_actual_generation_proof[legacy]" time="0.001" /><testcase classname="tests.dayahead.test_v41_legacy_p0" name="test_p0_04_v41_requires_actual_generation_proof[posthoc]" time="0.000" /><testcase classname="tests.dayahead.test_v41_legacy_p0" name="test_p0_04_v41_requires_actual_generation_proof[reused]" time="0.000" /><testcase classname="tests.dayahead.test_v41_legacy_p0" name="test_p0_04_v41_requires_actual_generation_proof[no_solve]" time="0.000" /><testcase classname="tests.dayahead.test_v41_legacy_p0" name="test_p0_04_v41_requires_actual_generation_proof[nonconverged]" time="0.000" /><testcase classname="tests.dayahead.test_v41_legacy_p0" name="test_p0_04_v41_requires_actual_generation_proof[late_identity]" time="0.000" /><testcase classname="tests.dayahead.test_v41_legacy_p0" name="test_p0_05_reuse_requires_current_generation_inputs[ML_snapshot]" time="0.000" /><testcase classname="tests.dayahead.test_v41_legacy_p0" name="test_p0_05_reuse_requires_current_generation_inputs[electrical]" time="0.000" /><testcase classname="tests.dayahead.test_v41_legacy_p0" name="test_p0_05_reuse_requires_current_generation_inputs[common_service_SHA]" time="0.000" /><testcase classname="tests.dayahead.test_v41_legacy_p0" name="test_p0_07_8749975_not_excluded_from_counterfactual_day" time="0.003" /><testcase classname="tests.dayahead.test_v41_legacy_p0" name="test_corrected_mapper_never_forwards_native_loads_to_duplicated_branch" time="0.018" /><testcase classname="tests.dayahead.test_v41_legacy_p0" name="test_all_shared_bus_phase_load_groups_have_conserved_native_allocation" time="0.001" /><testcase classname="tests.dayahead.test_v41_campaign" name="test_windows_duplicate_campaign_lock_is_rejected" time="0.003" /><testcase classname="tests.dayahead.test_v41_campaign" name="test_graceful_stop_only_writes_request_preserves_scientific_results" time="0.012" /><testcase classname="tests.dayahead.test_v41_campaign" name="test_valid_completed_phase_is_reopened_and_skipped_without_solver" time="0.014" /><testcase classname="tests.dayahead.test_v41_campaign" name="test_different_scientific_commit_cannot_resume" time="0.009" /><testcase classname="tests.dayahead.test_v40g_joint" name="test_spatial_primary_not_temporal_fallback" time="0.019" /><testcase classname="tests.dayahead.test_v40g_joint" name="test_equivalent_primary_selects_exact_reference" time="0.019" /><testcase classname="tests.dayahead.test_v40g_joint" name="test_migration_primary_beats_feasible_temporal_only" time="0.082" /><testcase classname="tests.dayahead.test_v40g_joint" name="test_tail_running_cannot_break_terminal_state" time="0.000" /><testcase classname="tests.dayahead.test_v40g_joint" name="test_segmented_metric_is_full_service_symmetric_difference" time="0.000" /><testcase classname="tests.dayahead.test_v40g_joint" name="test_no_primary_sacrifice_smaller_than_old_tolerance" time="0.024" /><testcase classname="tests.dayahead.test_v40g_joint" name="test_exact_b1_reuse_without_any_solver_call" time="0.083" /><testcase classname="tests.dayahead.test_v40g_joint" name="test_frozen_migration_actual_preserves_full_service[29]" time="0.005" /><testcase classname="tests.dayahead.test_v40g_joint" name="test_frozen_migration_actual_preserves_full_service[4]" time="0.001" /><testcase classname="tests.dayahead.test_v40g_segments" name="test_canonical_normalization_and_pause_conserve_service" time="0.001" /><testcase classname="tests.dayahead.test_v40g_segments" name="test_invalid_migration_fails_closed[missing]" time="0.001" /><testcase classname="tests.dayahead.test_v40g_segments" name="test_invalid_migration_fails_closed[collapsed]" time="0.001" /><testcase classname="tests.dayahead.test_v40g_segments" name="test_invalid_migration_fails_closed[overlap]" time="0.001" /><testcase classname="tests.dayahead.test_v40g_segments" name="test_invalid_migration_fails_closed[bytes]" time="0.001" /><testcase classname="tests.dayahead.test_v40g_segments" name="test_invalid_migration_fails_closed[path]" time="0.001" /><testcase classname="tests.dayahead.test_v40g_segments" name="test_invalid_migration_fails_closed[first_placement]" time="0.001" /><testcase classname="tests.dayahead.test_v40g_segments" name="test_invalid_migration_fails_closed[ready]" time="0.001" /><testcase classname="tests.dayahead.test_v40g_segments" name="test_terminal_uses_source_pause_and_destination_states" time="0.001" /><testcase classname="tests.dayahead.test_v40g_segments" name="test_actual_realized_service_and_terminal_equivalence[4]" time="0.003" /><testcase classname="tests.dayahead.test_v40g_segments" name="test_actual_realized_service_and_terminal_equivalence[25]" time="0.002" /><testcase classname="tests.dayahead.test_v40g_segments" name="test_actual_realized_service_and_terminal_equivalence[29.125]" time="0.003" /><testcase classname="tests.dayahead.test_v40g_segments" name="test_actual_realized_service_and_terminal_equivalence[125.5]" time="0.003" /><testcase classname="tests.dayahead.test_v40g_segments" name="test_segment_a1_solver_keeps_migrated_running_and_moves_pending" time="0.108" /><testcase classname="tests.dayahead.test_v40g_segments" name="test_b1_a0_exact_reuse_rejects_segment_drift_without_optimize" time="0.102" /><testcase classname="tests.dayahead.test_v40g_segments" name="test_b3_callbacks_receive_true_segment_power_and_fixed_aidc" time="0.056" /><testcase classname="tests.dayahead.test_v40g_segments" name="test_b3_forbids_canonical_mutation_or_route_reselection[A1_segments]" time="0.028" /><testcase classname="tests.dayahead.test_v40g_segments" name="test_b3_forbids_canonical_mutation_or_route_reselection[MF_PCC]" time="0.042" /><testcase classname="tests.dayahead.test_v40g_segments" name="test_b3_forbids_canonical_mutation_or_route_reselection[MF_route]" time="0.049" /><testcase classname="tests.dayahead.test_v40g_segments" name="test_production_b3_gate_blocks_before_m1" time="0.006" /><testcase classname="tests.dayahead.test_v40h_integrity" name="test_initial_matrix_all_124_new" time="0.001" /><testcase classname="tests.dayahead.test_v40h_integrity" name="test_old_v40b_certificate_rejected[B0]" time="0.011" /><testcase classname="tests.dayahead.test_v40h_integrity" name="test_old_v40b_certificate_rejected[B2]" time="0.011" /><testcase classname="tests.dayahead.test_v40h_integrity" name="test_day_certificate_recursively_revalidates_leaves[mutated]" time="0.885" /><testcase classname="tests.dayahead.test_v40h_integrity" name="test_day_certificate_recursively_revalidates_leaves[missing]" time="0.912" /><testcase classname="tests.dayahead.test_v40h_integrity" name="test_only_complete_current_case_can_skip" time="0.196" /><testcase classname="tests.dayahead.test_v40h_integrity" name="test_stage_different_dependency_rejected_and_preserved[traffic_forecast]" time="0.025" /><testcase classname="tests.dayahead.test_v40h_integrity" name="test_stage_different_dependency_rejected_and_preserved[route_table]" time="0.025" /><testcase classname="tests.dayahead.test_v40h_integrity" name="test_stage_different_dependency_rejected_and_preserved[A0_segment_SHA]" time="0.026" /><testcase classname="tests.dayahead.test_v40h_integrity" name="test_stage_different_dependency_rejected_and_preserved[electrical_coefficients]" time="0.026" /><testcase classname="tests.dayahead.test_v40h_integrity" name="test_exact_current_stage_resumes_and_parent_mutation_rejected" time="0.009" /><testcase classname="tests.dayahead.test_v40h_integrity" name="test_full_and_restricted_caches_share_family" time="0.024" /><testcase classname="tests.dayahead.test_v40h_integrity" name="test_obsolete_matrix_cannot_reach_launcher" time="0.005" /><testcase classname="tests.dayahead.test_v40h_integrity" name="test_stale_electrical_demand_mapper_or_feeder_rejected[2]" time="0.205" /><testcase classname="tests.dayahead.test_v40h_integrity" name="test_stale_electrical_demand_mapper_or_feeder_rejected[3]" time="0.209" /><testcase classname="tests.dayahead.test_v40h_integrity" name="test_stale_electrical_demand_mapper_or_feeder_rejected[4]" time="0.211" /><testcase classname="tests.dayahead.test_v40h_integrity" name="test_electrical_namespace_scale_same_actual_values_can_differ" time="0.170" /><testcase classname="tests.dayahead.test_v40h_integrity" name="test_b1_external_generation_identity_rejects_stale[V40G_source_SHA]" time="0.023" /><testcase classname="tests.dayahead.test_v40h_integrity" name="test_b1_external_generation_identity_rejects_stale[common_T_DA_SHA]" time="0.022" /><testcase classname="tests.dayahead.test_v40h_integrity" name="test_b1_external_generation_identity_rejects_stale[electrical_authority_SHA]" time="0.022" /><testcase classname="tests.dayahead.test_v40h_integrity" name="test_8749975_counterfactual_day_overlap_fail_closed[B1]" time="0.001" /><testcase classname="tests.dayahead.test_v40h_integrity" name="test_8749975_counterfactual_day_overlap_fail_closed[B3]" time="0.000" /><testcase classname="tests.dayahead.test_v40h_integrity" name="test_known_site_overlap_is_preserved_in_actual_gpu" time="0.001" /><testcase classname="tests.dayahead.test_v40h_integrity" name="test_8666895_required_canonical_migration_example" time="0.011" /><testcase classname="tests.dayahead.test_v40h_integrity" name="test_lower_priority_cannot_lose_tiny_primary_gain[A1]" time="0.000" /><testcase classname="tests.dayahead.test_v40h_integrity" name="test_lower_priority_cannot_lose_tiny_primary_gain[MF]" time="0.000" /><testcase classname="tests.dayahead.test_v40h_integrity" name="test_actual_a1_primary_extraction_report" time="0.137" /><testcase classname="tests.dayahead.test_v40h_integrity" name="test_hardened_beam_blocks_without_identity_before_any_work" time="0.017" /><testcase classname="tests.dayahead.test_v40h_integrity" name="test_restricted_pickle_cache_validates_before_deserialization" time="0.028" /><testcase classname="tests.dayahead.test_v40h_integrity" name="test_generation_detects_changed_input_during_producer" time="0.248" /><testcase classname="tests.dayahead.test_v40h_integrity" name="test_reused_expected_object_cannot_hide_mutated_input" time="0.255" /><testcase classname="tests.dayahead.test_v40h_integrity" name="test_unattested_b1_no_posthoc_adoption" time="0.004" /><testcase classname="tests.dayahead.test_v40h_integrity" name="test_numerical_generator_namespace_preserves_old_evidence" time="0.000" /><testcase classname="tests.dayahead.test_v40h_integrity" name="test_numeric_context_without_generation_certificate_rejected" time="0.349" /><testcase classname="tests.dayahead.test_v40h_integrity" name="test_real_mf_bounded_primary_report" time="0.005" /><testcase classname="tests.dayahead.test_v40h_integrity" name="test_full_child_identity_binds_exact_unrounded_parent" time="0.000" /><testcase classname="tests.dayahead.test_v40h_integrity" name="test_retained_state_recomputes_internal_trajectory_identity" time="0.001" /><testcase classname="tests.dayahead.test_v40i_electrical" name="test_durable_pre_freeze_before_actual_generation" time="0.103" /><testcase classname="tests.dayahead.test_v40i_electrical" name="test_old_coefficient_cannot_be_recertified[no_solve]" time="0.075" /><testcase classname="tests.dayahead.test_v40i_electrical" name="test_old_coefficient_cannot_be_recertified[cache]" time="0.076" /><testcase classname="tests.dayahead.test_v40i_electrical" name="test_old_coefficient_cannot_be_recertified[existing]" time="0.073" /><testcase classname="tests.dayahead.test_v40i_electrical" name="test_post_input_mutation_preserves_actual_failure_hashes" time="0.087" /><testcase classname="tests.dayahead.test_v40i_electrical" name="test_generation_head_change_never_certified" time="0.079" /><testcase classname="tests.dayahead.test_v40i_electrical" name="test_freeze_after_generation_start_rejected" time="0.044" /><testcase classname="tests.dayahead.test_v40i_electrical" name="test_previous_certificate_copy_forbidden" time="0.012" /><testcase classname="tests.dayahead.test_v40i_electrical" name="test_missing_certificate_blocks_31_day_aggregate" time="0.005" /><testcase classname="tests.dayahead.test_v40i_electrical" name="test_exactly_one_missing_may_certificate_prevents_pass" time="0.473" /><testcase classname="tests.dayahead.test_v40i_electrical" name="test_post_identity_payload_change_fails_even_if_files_unchanged" time="0.074" /><testcase classname="tests.dayahead.test_v40i_electrical" name="test_windows_generation_namespace_includes_atomic_path_budget" time="0.000" /><testcase classname="tests.dayahead.test_v40a_coordination" name="test_exactly_one_route_search_and_one_feedback" time="0.001" /><testcase classname="tests.dayahead.test_v40a_coordination" name="test_a1_infeasible_reverts_to_a0" time="0.001" /><testcase classname="tests.dayahead.test_v40a_coordination" name="test_a1_terminal_violation_reverts_to_a0" time="0.001" /><testcase classname="tests.dayahead.test_v40a_coordination" name="test_mf_route_change_is_rejected" time="0.001" /><testcase classname="tests.dayahead.test_v40a_coordination" name="test_mf_failure_retains_feasible_m1" time="0.000" /><testcase classname="tests.dayahead.test_v40a_coordination" name="test_objective_runtime_ledgers_complete_and_freeze_valid" time="0.001" /><testcase classname="tests.dayahead.test_v40a_coordination" name="test_input_trajectory_mutation_is_detected[A1]" time="0.000" /><testcase classname="tests.dayahead.test_v40a_coordination" name="test_input_trajectory_mutation_is_detected[MF]" time="0.001" /></testsuite></testsuites>