<?xml version="1.0" encoding="utf-8"?><testsuites><testsuite name="pytest" errors="0" failures="1" skipped="0" tests="48" time="2.404" timestamp="2026-09-06T19:53:50.242822+09:00" hostname="JaewonKim"><testcase classname="dayahead.v40l.tests.test_contracts" name="test_k0_sha" time="0.009" /><testcase classname="dayahead.v40l.tests.test_contracts" name="test_cpu" time="0.000" /><testcase classname="dayahead.v40l.tests.test_contracts" name="test_alpha_contract" time="0.000" /><testcase classname="dayahead.v40l.tests.test_contracts" name="test_frozen_legacy_margin" time="0.000" /><testcase classname="dayahead.v40l.tests.test_contracts" name="test_signed_population" time="0.000" /><testcase classname="dayahead.v40l.tests.test_contracts" name="test_positive_misuse" time="0.000" /><testcase classname="dayahead.v40l.tests.test_contracts" name="test_oof_required" time="0.000" /><testcase classname="dayahead.v40l.tests.test_contracts" name="test_status_not_feature" time="0.002" /><testcase classname="dayahead.v40l.tests.test_contracts" name="test_alpha_reject[0]" time="0.000" /><testcase classname="dayahead.v40l.tests.test_contracts" name="test_alpha_reject[1]" time="0.000" /><testcase classname="dayahead.v40l.tests.test_contracts" name="test_alpha_reject[-0.1]" time="0.000" /><testcase classname="dayahead.v40l.tests.test_contracts" name="test_alpha_reject[1.1]" time="0.000" /><testcase classname="dayahead.v40l.tests.test_contracts" name="test_order_rank" time="0.002" /><testcase classname="dayahead.v40l.tests.test_contracts" name="test_order_small_no_false_finite" time="0.000" /><testcase classname="dayahead.v40l.tests.test_contracts" name="test_empty_calibration" time="0.000" /><testcase classname="dayahead.v40l.tests.test_contracts" name="test_monotonic_repair[raw0]" time="0.001" /><testcase classname="dayahead.v40l.tests.test_contracts" name="test_monotonic_repair[raw1]" time="0.000" /><testcase classname="dayahead.v40l.tests.test_contracts" name="test_monotonic_repair[raw2]" time="0.000" /><testcase classname="dayahead.v40l.tests.test_contracts" name="test_crossing_count" time="0.000" /><testcase classname="dayahead.v40l.tests.test_contracts" name="test_cqr_separation" time="0.000" /><testcase classname="dayahead.v40l.tests.test_contracts" name="test_cqr_signed" time="0.001" /><testcase classname="dayahead.v40l.tests.test_contracts" name="test_support_future_end_excluded" time="0.019" /><testcase classname="dayahead.v40l.tests.test_contracts" name="test_support_end_strict" time="0.012" /><testcase classname="dayahead.v40l.tests.test_contracts" name="test_support_numeric_equivalence" time="0.013"><failure message="assert np.float64(0.0) == 120">def test_support_numeric_equivalence():
        h=jobs();q=h.iloc[:1].copy();q.submit_time=pd.Timestamp('2025-03-01',tz='UTC');q['num_gpus_req']=2
&gt;       assert Support(h).transform(q).exact_count.iloc[0]==120
E       assert np.float64(0.0) == 120

dayahead\v40l\tests\test_contracts.py:49: AssertionError</failure></testcase><testcase classname="dayahead.v40l.tests.test_contracts" name="test_training_self_fit_chronology" time="0.002" /><testcase classname="dayahead.v40l.tests.test_contracts" name="test_training_future_completion" time="0.002" /><testcase classname="dayahead.v40l.tests.test_contracts" name="test_hierarchy_empty_pooled_key" time="0.021" /><testcase classname="dayahead.v40l.tests.test_contracts" name="test_hierarchy_fit_separation" time="0.000" /><testcase classname="dayahead.v40l.tests.test_contracts" name="test_exceedance_probability_combination" time="0.001" /><testcase classname="dayahead.v40l.tests.test_contracts" name="test_exceedance_zero_margin" time="0.000" /><testcase classname="dayahead.v40l.tests.test_contracts" name="test_exceedance_quantiles_order" time="0.001" /><testcase classname="dayahead.v40l.tests.test_contracts" name="test_aft_invalid[lo0-up0]" time="0.000" /><testcase classname="dayahead.v40l.tests.test_contracts" name="test_aft_invalid[lo1-up1]" time="0.000" /><testcase classname="dayahead.v40l.tests.test_contracts" name="test_aft_invalid[lo2-up2]" time="0.000" /><testcase classname="dayahead.v40l.tests.test_contracts" name="test_aft_invalid[lo3-up3]" time="0.000" /><testcase classname="dayahead.v40l.tests.test_contracts" name="test_aft_censor_infinity" time="0.000" /><testcase classname="dayahead.v40l.tests.test_contracts" name="test_aft_quantile_formula" time="0.000" /><testcase classname="dayahead.v40l.tests.test_contracts" name="test_aft_not_run_without_authority" time="0.000" /><testcase classname="dayahead.v40l.tests.test_contracts" name="test_april_split_chronology" time="0.000" /><testcase classname="dayahead.v40l.tests.test_contracts" name="test_post_may_group_rejection" time="0.000" /><testcase classname="dayahead.v40l.tests.test_contracts" name="test_mixed_split_group_rejection" time="0.000" /><testcase classname="dayahead.v40l.tests.test_contracts" name="test_firewall_denies_May_before_open" time="0.004" /><testcase classname="dayahead.v40l.tests.test_contracts" name="test_native_GPU_metrics" time="0.005" /><testcase classname="dayahead.v40l.tests.test_contracts" name="test_abstention_not_dropped" time="0.002" /><testcase classname="dayahead.v40l.tests.test_contracts" name="test_efficiency_order" time="0.000" /><testcase classname="dayahead.v40l.tests.test_contracts" name="test_no_coverage_winner" time="0.000" /><testcase classname="dayahead.v40l.tests.test_contracts" name="test_shadow_requires_winner" time="0.003" /><testcase classname="dayahead.v40l.tests.test_contracts" name="test_global_holds" time="0.000" /></testsuite></testsuites>