<?xml version="1.0" encoding="utf-8"?><testsuites><testsuite name="pytest" errors="0" failures="0" skipped="0" tests="73" time="1.618" timestamp="2026-09-07T00:07:51.658239+09:00" hostname="JaewonKim"><testcase classname="dayahead.v40s3.test_v40s3" name="test_live_head_resolved" time="0.002" /><testcase classname="dayahead.v40s3.test_v40s3" name="test_separate_worktree" time="0.059" /><testcase classname="dayahead.v40s3.test_v40s3" name="test_all_production_blobs_unchanged" time="0.239" /><testcase classname="dayahead.v40s3.test_v40s3" name="test_s2_sha_reference" time="0.001" /><testcase classname="dayahead.v40s3.test_v40s3" name="test_pending_membership_exact" time="0.076" /><testcase classname="dayahead.v40s3.test_v40s3" name="test_missing_snapshot_does_not_block" time="0.001" /><testcase classname="dayahead.v40s3.test_v40s3" name="test_running_redesign_zero" time="0.001" /><testcase classname="dayahead.v40s3.test_v40s3" name="test_protected_changes_zero[source_changes_migration]" time="0.009" /><testcase classname="dayahead.v40s3.test_v40s3" name="test_protected_changes_zero[source_changes_WAN]" time="0.001" /><testcase classname="dayahead.v40s3.test_v40s3" name="test_protected_changes_zero[source_changes_terminal]" time="0.000" /><testcase classname="dayahead.v40s3.test_v40s3" name="test_no_extra_architecture[event_trigger_added]" time="0.000" /><testcase classname="dayahead.v40s3.test_v40s3" name="test_no_extra_architecture[local_repair_added]" time="0.000" /><testcase classname="dayahead.v40s3.test_v40s3" name="test_no_extra_architecture[rolling_MPC_added]" time="0.000" /><testcase classname="dayahead.v40s3.test_v40s3" name="test_labels_exact" time="0.041" /><testcase classname="dayahead.v40s3.test_v40s3" name="test_original_cohort_zero_identity" time="0.001" /><testcase classname="dayahead.v40s3.test_v40s3" name="test_features_exact_and_no_future" time="0.004" /><testcase classname="dayahead.v40s3.test_v40s3" name="test_feature_admission" time="0.001" /><testcase classname="dayahead.v40s3.test_v40s3" name="test_temporal_label_availability[TRAIN]" time="0.002" /><testcase classname="dayahead.v40s3.test_v40s3" name="test_temporal_label_availability[DEVELOPMENT]" time="0.003" /><testcase classname="dayahead.v40s3.test_v40s3" name="test_temporal_label_availability[CALIBRATION]" time="0.002" /><testcase classname="dayahead.v40s3.test_v40s3" name="test_temporal_label_availability[EXPOSED_EVALUATION]" time="0.002" /><testcase classname="dayahead.v40s3.test_v40s3" name="test_no_training_job_leaks_into_later_pending" time="0.008" /><testcase classname="dayahead.v40s3.test_v40s3" name="test_u_fixed_no_eval_or_may_selection" time="0.001" /><testcase classname="dayahead.v40s3.test_v40s3" name="test_body_tail_exact_partition[4]" time="0.001" /><testcase classname="dayahead.v40s3.test_v40s3" name="test_body_tail_exact_partition[6]" time="0.001" /><testcase classname="dayahead.v40s3.test_v40s3" name="test_body_tail_exact_partition[8]" time="0.001" /><testcase classname="dayahead.v40s3.test_v40s3" name="test_body_tail_exact_partition[12]" time="0.001" /><testcase classname="dayahead.v40s3.test_v40s3" name="test_body_tail_exact_partition[24]" time="0.001" /><testcase classname="dayahead.v40s3.test_v40s3" name="test_equality_belongs_to_body" time="0.000" /><testcase classname="dayahead.v40s3.test_v40s3" name="test_tail_remains_denominator" time="0.187" /><testcase classname="dayahead.v40s3.test_v40s3" name="test_new_quantile_order_positive[4]" time="0.014" /><testcase classname="dayahead.v40s3.test_v40s3" name="test_new_quantile_order_positive[6]" time="0.013" /><testcase classname="dayahead.v40s3.test_v40s3" name="test_new_quantile_order_positive[8]" time="0.013" /><testcase classname="dayahead.v40s3.test_v40s3" name="test_new_quantile_order_positive[12]" time="0.013" /><testcase classname="dayahead.v40s3.test_v40s3" name="test_new_quantile_order_positive[24]" time="0.013" /><testcase classname="dayahead.v40s3.test_v40s3" name="test_invalid_duration_rejected[0]" time="0.000" /><testcase classname="dayahead.v40s3.test_v40s3" name="test_invalid_duration_rejected[-1]" time="0.000" /><testcase classname="dayahead.v40s3.test_v40s3" name="test_invalid_duration_rejected[nan]" time="0.000" /><testcase classname="dayahead.v40s3.test_v40s3" name="test_invalid_duration_rejected[inf]" time="0.000" /><testcase classname="dayahead.v40s3.test_v40s3" name="test_ceiling_boundary_exact" time="0.000" /><testcase classname="dayahead.v40s3.test_v40s3" name="test_no_repeated_ceiling_bias" time="0.000" /><testcase classname="dayahead.v40s3.test_v40s3" name="test_eta_only_calibration" time="0.000" /><testcase classname="dayahead.v40s3.test_v40s3" name="test_eta_largest_valid_not_half" time="0.001" /><testcase classname="dayahead.v40s3.test_v40s3" name="test_eta_requires_support" time="0.000" /><testcase classname="dayahead.v40s3.test_v40s3" name="test_saved_eta_independent_maximality" time="0.061" /><testcase classname="dayahead.v40s3.test_v40s3" name="test_tail_recall_gpu_and_mass_by_hand" time="0.000" /><testcase classname="dayahead.v40s3.test_v40s3" name="test_r0_exact_existing_reference" time="0.000" /><testcase classname="dayahead.v40s3.test_v40s3" name="test_r1_exact_existing_request" time="0.000" /><testcase classname="dayahead.v40s3.test_v40s3" name="test_no_q99_policy" time="0.000" /><testcase classname="dayahead.v40s3.test_v40s3" name="test_running_adapter_blocked" time="0.000" /><testcase classname="dayahead.v40s3.test_v40s3" name="test_walltime_not_hard_bound" time="0.056" /><testcase classname="dayahead.v40s3.test_v40s3" name="test_gpu_underprediction_and_overreserve_by_hand" time="0.001" /><testcase classname="dayahead.v40s3.test_v40s3" name="test_saved_hybrid_reconstruction_independent" time="0.043" /><testcase classname="dayahead.v40s3.test_v40s3" name="test_terminal_audit_only" time="0.002" /><testcase classname="dayahead.v40s3.test_v40s3" name="test_migration_audit_readonly" time="0.001" /><testcase classname="dayahead.v40s3.test_v40s3" name="test_no_optimizer_calls[optimizer_calls]" time="0.000" /><testcase classname="dayahead.v40s3.test_v40s3" name="test_no_optimizer_calls[Gurobi_calls]" time="0.000" /><testcase classname="dayahead.v40s3.test_v40s3" name="test_no_optimizer_calls[Fresh_OpenDSS_calls]" time="0.000" /><testcase classname="dayahead.v40s3.test_v40s3" name="test_source_import_firewall" time="0.024" /><testcase classname="dayahead.v40s3.test_v40s3" name="test_may_rows_zero_discovery_disclosed" time="0.002" /><testcase classname="dayahead.v40s3.test_v40s3" name="test_holds[production_q_seconds-5576.44921875]" time="0.001" /><testcase classname="dayahead.v40s3.test_v40s3" name="test_holds[PF-0.95]" time="0.000" /><testcase classname="dayahead.v40s3.test_v40s3" name="test_holds[Q_control-NO]" time="0.001" /><testcase classname="dayahead.v40s3.test_v40s3" name="test_holds[electrical_regeneration-HOLD]" time="0.001" /><testcase classname="dayahead.v40s3.test_v40s3" name="test_holds[B0_B1_B2_B3-NO]" time="0.001" /><testcase classname="dayahead.v40s3.test_v40s3" name="test_holds[FULL_MAY-NO]" time="0.000" /><testcase classname="dayahead.v40s3.test_v40s3" name="test_holds[optimizer_integration-NO]" time="0.000" /><testcase classname="dayahead.v40s3.test_v40s3" name="test_adapter_exact_fields" time="0.002" /><testcase classname="dayahead.v40s3.test_v40s3" name="test_committed_prereg_and_method_lock" time="0.115" /><testcase classname="dayahead.v40s3.test_v40s3" name="test_models_frozen_byte_exact" time="0.003" /><testcase classname="dayahead.v40s3.test_v40s3" name="test_independent_determinism" time="0.001" /><testcase classname="dayahead.v40s3.test_v40s3" name="test_no_eligible_method_hidden" time="0.006" /><testcase classname="dayahead.v40s3.test_v40s3" name="test_amendment_before_any_model_result" time="0.003" /></testsuite></testsuites>