<?xml version="1.0" encoding="utf-8"?><testsuites><testsuite name="pytest" errors="0" failures="1" skipped="0" tests="39" time="2.456" timestamp="2026-09-05T19:29:26.534702+09:00" hostname="JaewonKim"><testcase classname="tests.dayahead.test_v40a_invariants" name="test_terminal_new_occupancy_fails" time="0.000" /><testcase classname="tests.dayahead.test_v40a_invariants" name="test_terminal_new_site_fails" time="0.000" /><testcase classname="tests.dayahead.test_v40a_invariants" name="test_legal_baseline_tail_preserved" time="0.000" /><testcase classname="tests.dayahead.test_v40a_invariants" name="test_gpu_tail_increments_cannot_cancel" time="0.000" /><testcase classname="tests.dayahead.test_v40a_invariants" name="test_terminal_site_field_cannot_hide_site_change" time="0.000" /><testcase classname="tests.dayahead.test_v40a_invariants" name="test_full_interval_symmetric_cost_counts_site" time="0.000" /><testcase classname="tests.dayahead.test_v40a_invariants" name="test_monotone[0.5-True-True]" time="0.000" /><testcase classname="tests.dayahead.test_v40a_invariants" name="test_monotone[0.6-True-False]" time="0.000" /><testcase classname="tests.dayahead.test_v40a_invariants" name="test_monotone[0.5-False-False]" time="0.000" /><testcase classname="tests.dayahead.test_v40a_invariants" name="test_monotone[nan-True-False]" time="0.000" /><testcase classname="tests.dayahead.test_v40a_invariants" name="test_old_b3_not_accepted" time="0.000" /><testcase classname="tests.dayahead.test_v40a_invariants" name="test_joint_hash_binds_both_replays" time="0.000" /><testcase classname="tests.dayahead.test_v40a_invariants" name="test_interaction_values_observable" time="0.000" /><testcase classname="tests.dayahead.test_v40a_invariants" name="test_uid_loss_fails" time="0.000" /><testcase classname="tests.dayahead.test_v40a_invariants" name="test_numpy_arrays_hash_as_values" time="0.000" /><testcase classname="tests.dayahead.test_v40a_grid" name="test_frozen_m1_p_directly_changes_planning_objective" time="0.005" /><testcase classname="tests.dayahead.test_v40a_grid" name="test_grid_reports_actual_critical_state" time="0.001" /><testcase classname="tests.dayahead.test_v40a_grid" name="test_a1_running_fixed_under_user_confirmed_policy" time="0.000" /><testcase classname="tests.dayahead.test_v40a_grid" name="test_a1_terminal_job_frozen" time="0.000" /><testcase classname="tests.dayahead.test_v40a_grid" name="test_a1_no_new_latest_start_rule" time="0.000" /><testcase classname="tests.dayahead.test_v40a_coordination" name="test_exactly_one_route_search_and_one_feedback" time="0.001" /><testcase classname="tests.dayahead.test_v40a_coordination" name="test_a1_infeasible_reverts_to_a0" time="0.001" /><testcase classname="tests.dayahead.test_v40a_coordination" name="test_a1_terminal_violation_reverts_to_a0" time="0.001" /><testcase classname="tests.dayahead.test_v40a_coordination" name="test_mf_route_change_is_rejected" time="0.001" /><testcase classname="tests.dayahead.test_v40a_coordination" name="test_mf_failure_retains_feasible_m1" time="0.000" /><testcase classname="tests.dayahead.test_v40a_coordination" name="test_objective_runtime_ledgers_complete_and_freeze_valid" time="0.000" /><testcase classname="tests.dayahead.test_v40a_firewall_physics" name="test_planning_firewall_blocks_actual_fresh_future[cache/fresh/OPENDSS_SUMMARY.json]" time="0.000" /><testcase classname="tests.dayahead.test_v40a_firewall_physics" name="test_planning_firewall_blocks_actual_fresh_future[data/noaa_actual_weather.parquet]" time="0.000" /><testcase classname="tests.dayahead.test_v40a_firewall_physics" name="test_planning_firewall_blocks_actual_fresh_future[days/2025-05-01/results.json]" time="0.000" /><testcase classname="tests.dayahead.test_v40a_firewall_physics" name="test_planning_firewall_allows_causal_day_forecasts" time="0.000" /><testcase classname="tests.dayahead.test_v40a_firewall_physics" name="test_fresh_reads_possible_after_loop" time="0.000" /><testcase classname="tests.dayahead.test_v40a_firewall_physics" name="test_stationary_physics_and_mobility_identity" time="0.003" /><testcase classname="tests.dayahead.test_v40a_firewall_physics" name="test_energy_imbalance_is_rejected" time="0.001" /><testcase classname="tests.dayahead.test_v40a_firewall_physics" name="test_route_change_changes_signature" time="0.001" /><testcase classname="tests.dayahead.test_v39l_infrastructure" name="test_durable_atomic_json_replaces_complete_document" time="0.011" /><testcase classname="tests.dayahead.test_v39l_infrastructure" name="test_process_inventory_detects_duplicate_days_and_orchestrators" time="0.001" /><testcase classname="tests.dayahead.test_v39l_infrastructure" name="test_identity_requires_pid_creation_time_and_command_tokens" time="0.000" /><testcase classname="tests.dayahead.test_v39l_infrastructure" name="test_current_v39k_binding_is_exact" time="0.006" /><testcase classname="tests.dayahead.test_v39l_infrastructure" name="test_v39l_infrastructure_does_not_invalidate_frozen_preflight" time="0.083"><failure message="FileNotFoundError: [Errno 2] No such file or directory: 'C:\\codex_mobileess_workspace\\MobileESS_v40a_bounded_iterative_coopt\\dayahead\\artifacts\\v39e_full_may_2025\\V39E_FULL_PREFLIGHT.json'">def test_v39l_infrastructure_does_not_invalidate_frozen_preflight() -&gt; None:
        from dayahead.v39e.temporal_refreeze import load_ready_refreeze
    
&gt;       preflight = load_ready_refreeze(REPO)

tests\dayahead\test_v39l_infrastructure.py:90: 
_ _ _ _ _ _ _ _ _ _ _ _ _ _ _ _ _ _ _ _ _ _ _ _ _ _ _ _ _ _ _ _ _ _ _ _ _ _ _ _
dayahead\v39e\temporal_refreeze.py:357: in load_ready_refreeze
    preflight_path=repo/FULL_ROOT/"V39E_FULL_PREFLIGHT.json";preflight=read(preflight_path)
dayahead\v39e\temporal_refreeze.py:36: in read
    def read(path):return json.loads(Path(path).read_text(encoding="utf-8"))
C:\Users\kjw39\AppData\Local\Programs\Python\Python311\Lib\pathlib.py:1058: in read_text
    with self.open(mode='r', encoding=encoding, errors=errors) as f:
_ _ _ _ _ _ _ _ _ _ _ _ _ _ _ _ _ _ _ _ _ _ _ _ _ _ _ _ _ _ _ _ _ _ _ _ _ _ _ _

self = WindowsPath('C:/codex_mobileess_workspace/MobileESS_v40a_bounded_iterative_coopt/dayahead/artifacts/v39e_full_may_2025/V39E_FULL_PREFLIGHT.json')
mode = 'r', buffering = -1, encoding = 'utf-8', errors = None, newline = None

    def open(self, mode='r', buffering=-1, encoding=None,
             errors=None, newline=None):
        """
        Open the file pointed by this path and return a file object, as
        the built-in open() function does.
        """
        if "b" not in mode:
            encoding = io.text_encoding(encoding)
&gt;       return io.open(self, mode, buffering, encoding, errors, newline)
E       FileNotFoundError: [Errno 2] No such file or directory: 'C:\\codex_mobileess_workspace\\MobileESS_v40a_bounded_iterative_coopt\\dayahead\\artifacts\\v39e_full_may_2025\\V39E_FULL_PREFLIGHT.json'

C:\Users\kjw39\AppData\Local\Programs\Python\Python311\Lib\pathlib.py:1044: FileNotFoundError</failure></testcase></testsuite></testsuites>