<?xml version="1.0" encoding="utf-8"?><testsuites><testsuite name="pytest" errors="0" failures="0" skipped="0" tests="50" time="23.493" timestamp="2026-09-07T01:16:22.340166+09:00" hostname="JaewonKim"><testcase classname="tests.dayahead.test_v40s5_core" name="test_cutoff_and_configuration_registry" time="0.001" /><testcase classname="tests.dayahead.test_v40s5_core" name="test_exact_features" time="0.000" /><testcase classname="tests.dayahead.test_v40s5_core" name="test_unknown_missing_and_medians" time="0.008" /><testcase classname="tests.dayahead.test_v40s5_core" name="test_excluded_predictors_cannot_change_transform[runtime_seconds]" time="0.043" /><testcase classname="tests.dayahead.test_v40s5_core" name="test_excluded_predictors_cannot_change_transform[reference_safe_sec]" time="0.007" /><testcase classname="tests.dayahead.test_v40s5_core" name="test_excluded_predictors_cannot_change_transform[job_uid]" time="0.008" /><testcase classname="tests.dayahead.test_v40s5_core" name="test_excluded_predictors_cannot_change_transform[end_time]" time="0.007" /><testcase classname="tests.dayahead.test_v40s5_core" name="test_excluded_predictors_cannot_change_transform[start_time]" time="0.008" /><testcase classname="tests.dayahead.test_v40s5_core" name="test_excluded_predictors_cannot_change_transform[user_id]" time="0.007" /><testcase classname="tests.dayahead.test_v40s5_core" name="test_excluded_predictors_cannot_change_transform[account]" time="0.007" /><testcase classname="tests.dayahead.test_v40s5_core" name="test_excluded_predictors_cannot_change_transform[terminal_status]" time="0.007" /><testcase classname="tests.dayahead.test_v40s5_core" name="test_excluded_predictors_cannot_change_transform[K0]" time="0.007" /><testcase classname="tests.dayahead.test_v40s5_core" name="test_preprocess_future_and_duplicate_jobs_rejected" time="0.002" /><testcase classname="tests.dayahead.test_v40s5_core" name="test_walltime_removal_preserves_every_other_encoded_column" time="0.008" /><testcase classname="tests.dayahead.test_v40s5_core" name="test_boundary_timestamp_is_never_split" time="0.003" /><testcase classname="tests.dayahead.test_v40s5_core" name="test_five_expanding_oof_folds" time="0.004" /><testcase classname="tests.dayahead.test_v40s5_core" name="test_monotone_repair_and_physical_floor_exact" time="0.000" /><testcase classname="tests.dayahead.test_v40s5_core" name="test_uarp_exact_both_terms_and_no_request_cap" time="0.001" /><testcase classname="tests.dayahead.test_v40s5_core" name="test_metrics_independent_arithmetic" time="0.001" /><testcase classname="tests.dayahead.test_v40s5_core" name="test_daily_gate_support_boundary[99-False]" time="0.004" /><testcase classname="tests.dayahead.test_v40s5_core" name="test_daily_gate_support_boundary[100-True]" time="0.004" /><testcase classname="tests.dayahead.test_v40s5_core" name="test_daily_gate_support_boundary[101-True]" time="0.004" /><testcase classname="tests.dayahead.test_v40s5_core" name="test_gate_inclusivity_strict_anchor_improvement_and_no_upper_gate" time="0.000" /><testcase classname="tests.dayahead.test_v40s5_core" name="test_candidate_selection_uses_dev_cal_minimum_and_never_exposed" time="0.000" /><testcase classname="tests.dayahead.test_v40s5_evidence" name="test_exact_lineage_and_isolation" time="0.187" /><testcase classname="tests.dayahead.test_v40s5_evidence" name="test_original_s4_and_s3_immutable" time="0.212" /><testcase classname="tests.dayahead.test_v40s5_evidence" name="test_source_counts_recomputed_independently" time="0.103" /><testcase classname="tests.dayahead.test_v40s5_evidence" name="test_proof_mature_unique_exact_runtime" time="0.004" /><testcase classname="tests.dayahead.test_v40s5_evidence" name="test_training_separate_from_exact_s4_panel" time="0.011" /><testcase classname="tests.dayahead.test_v40s5_evidence" name="test_preprocessing_exact_train_only" time="0.004" /><testcase classname="tests.dayahead.test_v40s5_evidence" name="test_historical_split_and_tuning" time="0.003" /><testcase classname="tests.dayahead.test_v40s5_evidence" name="test_all_fits_preregistered_and_historical" time="1.630" /><testcase classname="tests.dayahead.test_v40s5_evidence" name="test_residual_oof_row_level_evidence[P]" time="1.228" /><testcase classname="tests.dayahead.test_v40s5_evidence" name="test_residual_oof_row_level_evidence[PW]" time="0.100" /><testcase classname="tests.dayahead.test_v40s5_evidence" name="test_residual_oof_row_level_evidence[REPEAT_P]" time="0.101" /><testcase classname="tests.dayahead.test_v40s5_evidence" name="test_saved_predictions_exact_metrics_and_comparators[TRAIN-P]" time="0.050" /><testcase classname="tests.dayahead.test_v40s5_evidence" name="test_saved_predictions_exact_metrics_and_comparators[TRAIN-PW]" time="0.045" /><testcase classname="tests.dayahead.test_v40s5_evidence" name="test_saved_predictions_exact_metrics_and_comparators[DEVELOPMENT-P]" time="0.061" /><testcase classname="tests.dayahead.test_v40s5_evidence" name="test_saved_predictions_exact_metrics_and_comparators[DEVELOPMENT-PW]" time="0.061" /><testcase classname="tests.dayahead.test_v40s5_evidence" name="test_saved_predictions_exact_metrics_and_comparators[CALIBRATION-P]" time="0.050" /><testcase classname="tests.dayahead.test_v40s5_evidence" name="test_saved_predictions_exact_metrics_and_comparators[CALIBRATION-PW]" time="0.066" /><testcase classname="tests.dayahead.test_v40s5_evidence" name="test_saved_predictions_exact_metrics_and_comparators[EXPOSED_EVALUATION-P]" time="4.234" /><testcase classname="tests.dayahead.test_v40s5_evidence" name="test_saved_predictions_exact_metrics_and_comparators[EXPOSED_EVALUATION-PW]" time="3.918" /><testcase classname="tests.dayahead.test_v40s5_evidence" name="test_selection_and_exposed_gates_independently" time="0.020" /><testcase classname="tests.dayahead.test_v40s5_evidence" name="test_selection_commit_precedes_exposure_and_no_model_changes" time="6.192" /><testcase classname="tests.dayahead.test_v40s5_evidence" name="test_pw_and_unique_job_are_diagnostic_only" time="4.193" /><testcase classname="tests.dayahead.test_v40s5_evidence" name="test_firewalls_and_current_holds" time="0.017" /><testcase classname="tests.dayahead.test_v40s5_evidence" name="test_reproducibility_actual_independent_models" time="0.005" /><testcase classname="tests.dayahead.test_v40s5_evidence" name="test_scientific_sources_have_no_operational_imports" time="0.074" /><testcase classname="tests.dayahead.test_v40s5_evidence" name="test_no_out_of_scope_differences" time="0.194" /></testsuite></testsuites>