<?xml version="1.0" encoding="utf-8"?><testsuites><testsuite name="pytest" errors="0" failures="0" skipped="0" tests="105" time="2.577" timestamp="2026-09-07T00:49:04.129473+09:00" hostname="JaewonKim"><testcase classname="tests.dayahead.test_v40s4_contracts" name="test_s3_scientific_sha_exact" time="0.001" /><testcase classname="tests.dayahead.test_v40s4_contracts" name="test_s3_receipt_full_sha" time="0.057" /><testcase classname="tests.dayahead.test_v40s4_contracts" name="test_s3_classification" time="0.001" /><testcase classname="tests.dayahead.test_v40s4_contracts" name="test_isolated_worktree" time="0.067" /><testcase classname="tests.dayahead.test_v40s4_contracts" name="test_assumption_preregistered_before_fit" time="0.058" /><testcase classname="tests.dayahead.test_v40s4_contracts" name="test_unverified_remains_unverified[HISTORICAL_D1_SNAPSHOT_PROVENANCE]" time="0.001" /><testcase classname="tests.dayahead.test_v40s4_contracts" name="test_unverified_remains_unverified[ORIGINAL_SUBMISSION_VALUE_PROVENANCE]" time="0.000" /><testcase classname="tests.dayahead.test_v40s4_contracts" name="test_pending_membership" time="0.072" /><testcase classname="tests.dayahead.test_v40s4_contracts" name="test_running_redesign_zero" time="0.008" /><testcase classname="tests.dayahead.test_v40s4_contracts" name="test_source_identity" time="0.000" /><testcase classname="tests.dayahead.test_v40s4_contracts" name="test_runtime_label_exact" time="0.031" /><testcase classname="tests.dayahead.test_v40s4_contracts" name="test_zero_positive_counts" time="0.001" /><testcase classname="tests.dayahead.test_v40s4_contracts" name="test_track_c_exact" time="0.001" /><testcase classname="tests.dayahead.test_v40s4_contracts" name="test_track_p_exact" time="0.000" /><testcase classname="tests.dayahead.test_v40s4_contracts" name="test_track_pw_removes_only_walltime" time="0.000" /><testcase classname="tests.dayahead.test_v40s4_contracts" name="test_forbidden_predictors_absent[user]" time="0.000" /><testcase classname="tests.dayahead.test_v40s4_contracts" name="test_forbidden_predictors_absent[account]" time="0.000" /><testcase classname="tests.dayahead.test_v40s4_contracts" name="test_forbidden_predictors_absent[job_name]" time="0.000" /><testcase classname="tests.dayahead.test_v40s4_contracts" name="test_forbidden_predictors_absent[job_id]" time="0.000" /><testcase classname="tests.dayahead.test_v40s4_contracts" name="test_forbidden_predictors_absent[job_issue_uid]" time="0.000" /><testcase classname="tests.dayahead.test_v40s4_contracts" name="test_forbidden_predictors_absent[start_time]" time="0.000" /><testcase classname="tests.dayahead.test_v40s4_contracts" name="test_forbidden_predictors_absent[end_time]" time="0.000" /><testcase classname="tests.dayahead.test_v40s4_contracts" name="test_forbidden_predictors_absent[runtime_seconds]" time="0.000" /><testcase classname="tests.dayahead.test_v40s4_contracts" name="test_forbidden_mutation_cannot_change_features" time="0.018" /><testcase classname="tests.dayahead.test_v40s4_contracts" name="test_wallclock_covariate_contract" time="0.001" /><testcase classname="tests.dayahead.test_v40s4_contracts" name="test_no_output_wallclock_cap" time="0.001" /><testcase classname="tests.dayahead.test_v40s4_contracts" name="test_actual_above_request_retained" time="0.000" /><testcase classname="tests.dayahead.test_v40s4_contracts" name="test_preprocessing_train_only" time="0.001" /><testcase classname="tests.dayahead.test_v40s4_contracts" name="test_median_uses_train_only" time="0.003" /><testcase classname="tests.dayahead.test_v40s4_contracts" name="test_unknown_category" time="0.005" /><testcase classname="tests.dayahead.test_v40s4_contracts" name="test_missing_indicator_and_median" time="0.002" /><testcase classname="tests.dayahead.test_v40s4_contracts" name="test_no_target_encoding" time="0.004" /><testcase classname="tests.dayahead.test_v40s4_contracts" name="test_pw_encoded_difference_exact" time="0.026" /><testcase classname="tests.dayahead.test_v40s4_contracts" name="test_exact_s3_splits[TRAIN]" time="0.002" /><testcase classname="tests.dayahead.test_v40s4_contracts" name="test_exact_s3_splits[DEVELOPMENT]" time="0.003" /><testcase classname="tests.dayahead.test_v40s4_contracts" name="test_exact_s3_splits[CALIBRATION]" time="0.002" /><testcase classname="tests.dayahead.test_v40s4_contracts" name="test_exact_s3_splits[EXPOSED_EVALUATION]" time="0.003" /><testcase classname="tests.dayahead.test_v40s4_contracts" name="test_s3_thresholds_exact" time="0.001" /><testcase classname="tests.dayahead.test_v40s4_contracts" name="test_quantiles_positive_ordered_and_labels[4-P]" time="0.017" /><testcase classname="tests.dayahead.test_v40s4_contracts" name="test_quantiles_positive_ordered_and_labels[4-PW]" time="0.017" /><testcase classname="tests.dayahead.test_v40s4_contracts" name="test_quantiles_positive_ordered_and_labels[6-P]" time="0.017" /><testcase classname="tests.dayahead.test_v40s4_contracts" name="test_quantiles_positive_ordered_and_labels[6-PW]" time="0.016" /><testcase classname="tests.dayahead.test_v40s4_contracts" name="test_quantiles_positive_ordered_and_labels[8-P]" time="0.016" /><testcase classname="tests.dayahead.test_v40s4_contracts" name="test_quantiles_positive_ordered_and_labels[8-PW]" time="0.016" /><testcase classname="tests.dayahead.test_v40s4_contracts" name="test_quantiles_positive_ordered_and_labels[12-P]" time="0.016" /><testcase classname="tests.dayahead.test_v40s4_contracts" name="test_quantiles_positive_ordered_and_labels[12-PW]" time="0.016" /><testcase classname="tests.dayahead.test_v40s4_contracts" name="test_quantiles_positive_ordered_and_labels[24-P]" time="0.015" /><testcase classname="tests.dayahead.test_v40s4_contracts" name="test_quantiles_positive_ordered_and_labels[24-PW]" time="0.016" /><testcase classname="tests.dayahead.test_v40s4_contracts" name="test_15min_ceiling" time="0.001" /><testcase classname="tests.dayahead.test_v40s4_contracts" name="test_eta_cal_only" time="0.000" /><testcase classname="tests.dayahead.test_v40s4_contracts" name="test_selectivity_gate_exact[0.2-0.6]" time="0.000" /><testcase classname="tests.dayahead.test_v40s4_contracts" name="test_selectivity_gate_exact[0.6-0.6]" time="0.000" /><testcase classname="tests.dayahead.test_v40s4_contracts" name="test_selectivity_gate_exact[0.61-0.8]" time="0.000" /><testcase classname="tests.dayahead.test_v40s4_contracts" name="test_selectivity_gate_exact[0.9-0.8]" time="0.000" /><testcase classname="tests.dayahead.test_v40s4_contracts" name="test_eta_synthetic_largest_joint_safety" time="0.001" /><testcase classname="tests.dayahead.test_v40s4_contracts" name="test_eta_selectivity_can_block_perfect_recall" time="0.000" /><testcase classname="tests.dayahead.test_v40s4_contracts" name="test_mass_capture_exact" time="0.645" /><testcase classname="tests.dayahead.test_v40s4_contracts" name="test_all_saved_eta_independently_unavailable" time="0.154" /><testcase classname="tests.dayahead.test_v40s4_contracts" name="test_r0_current_reference" time="0.000" /><testcase classname="tests.dayahead.test_v40s4_contracts" name="test_r1_threshold_floor" time="0.000" /><testcase classname="tests.dayahead.test_v40s4_contracts" name="test_r2_walltime" time="0.000" /><testcase classname="tests.dayahead.test_v40s4_contracts" name="test_no_invented_policy" time="0.000" /><testcase classname="tests.dayahead.test_v40s4_contracts" name="test_r2_no_hard_bound_claim" time="0.002" /><testcase classname="tests.dayahead.test_v40s4_contracts" name="test_full_denominator_or_explicit_unavailable" time="0.042" /><testcase classname="tests.dayahead.test_v40s4_contracts" name="test_numerical_coverage_gpu_miss_overreserve" time="0.001" /><testcase classname="tests.dayahead.test_v40s4_contracts" name="test_exact_actual_body_coverage" time="0.280" /><testcase classname="tests.dayahead.test_v40s4_contracts" name="test_three_times_cap_exact" time="0.001" /><testcase classname="tests.dayahead.test_v40s4_contracts" name="test_body_upper_95_is_hard_gate" time="0.013" /><testcase classname="tests.dayahead.test_v40s4_contracts" name="test_p_vs_pw_comparison_exact" time="0.049" /><testcase classname="tests.dayahead.test_v40s4_contracts" name="test_perturbation_frozen_no_retrain" time="0.001" /><testcase classname="tests.dayahead.test_v40s4_contracts" name="test_pw_walltime_perturbation_invariance" time="0.000" /><testcase classname="tests.dayahead.test_v40s4_contracts" name="test_protected_zero[optimizer_calls]" time="0.000" /><testcase classname="tests.dayahead.test_v40s4_contracts" name="test_protected_zero[Gurobi_calls]" time="0.000" /><testcase classname="tests.dayahead.test_v40s4_contracts" name="test_protected_zero[OpenDSS_calls]" time="0.000" /><testcase classname="tests.dayahead.test_v40s4_contracts" name="test_protected_zero[Fresh_calls]" time="0.000" /><testcase classname="tests.dayahead.test_v40s4_contracts" name="test_protected_zero[A0_changes]" time="0.001" /><testcase classname="tests.dayahead.test_v40s4_contracts" name="test_protected_zero[A1_changes]" time="0.000" /><testcase classname="tests.dayahead.test_v40s4_contracts" name="test_protected_zero[M1_changes]" time="0.001" /><testcase classname="tests.dayahead.test_v40s4_contracts" name="test_protected_zero[MF_changes]" time="0.000" /><testcase classname="tests.dayahead.test_v40s4_contracts" name="test_protected_zero[migration_changes]" time="0.000" /><testcase classname="tests.dayahead.test_v40s4_contracts" name="test_protected_zero[WAN_changes]" time="0.000" /><testcase classname="tests.dayahead.test_v40s4_contracts" name="test_protected_zero[terminal_changes]" time="0.000" /><testcase classname="tests.dayahead.test_v40s4_contracts" name="test_protected_zero[event_trigger_changes]" time="0.000" /><testcase classname="tests.dayahead.test_v40s4_contracts" name="test_protected_zero[local_repair_changes]" time="0.000" /><testcase classname="tests.dayahead.test_v40s4_contracts" name="test_protected_zero[rolling_MPC_changes]" time="0.000" /><testcase classname="tests.dayahead.test_v40s4_contracts" name="test_no_optimizer_imports" time="0.019" /><testcase classname="tests.dayahead.test_v40s4_contracts" name="test_may_scientific_zero" time="0.001" /><testcase classname="tests.dayahead.test_v40s4_contracts" name="test_shadow_sealed" time="0.001" /><testcase classname="tests.dayahead.test_v40s4_contracts" name="test_holds_unchanged[production_q_seconds-5576.44921875]" time="0.000" /><testcase classname="tests.dayahead.test_v40s4_contracts" name="test_holds_unchanged[PF-0.95]" time="0.000" /><testcase classname="tests.dayahead.test_v40s4_contracts" name="test_holds_unchanged[Q_control-NO]" time="0.000" /><testcase classname="tests.dayahead.test_v40s4_contracts" name="test_holds_unchanged[electrical-HOLD]" time="0.000" /><testcase classname="tests.dayahead.test_v40s4_contracts" name="test_holds_unchanged[B0_B1_B2_B3_electrical-NO]" time="0.000" /><testcase classname="tests.dayahead.test_v40s4_contracts" name="test_holds_unchanged[FULL_MAY-NO]" time="0.000" /><testcase classname="tests.dayahead.test_v40s4_contracts" name="test_holds_unchanged[optimizer_integration-NO]" time="0.000" /><testcase classname="tests.dayahead.test_v40s4_contracts" name="test_holds_unchanged[RUNNING_migration_change-NO]" time="0.001" /><testcase classname="tests.dayahead.test_v40s4_contracts" name="test_holds_unchanged[A1_migration_change-NO]" time="0.000" /><testcase classname="tests.dayahead.test_v40s4_contracts" name="test_holds_unchanged[terminal_contract_change-NO]" time="0.000" /><testcase classname="tests.dayahead.test_v40s4_contracts" name="test_s3_all_bytes_unchanged" time="0.071" /><testcase classname="tests.dayahead.test_v40s4_contracts" name="test_all_inherited_git_blobs_unchanged" time="0.157" /><testcase classname="tests.dayahead.test_v40s4_contracts" name="test_selection_commit_lock" time="0.062" /><testcase classname="tests.dayahead.test_v40s4_contracts" name="test_repeats_exact_and_models_frozen" time="0.005" /><testcase classname="tests.dayahead.test_v40s4_contracts" name="test_bootstrap_safety_stop" time="0.000" /><testcase classname="tests.dayahead.test_v40s4_contracts" name="test_adapter_no_recommendations" time="0.000" /><testcase classname="tests.dayahead.test_v40s4_contracts" name="test_artifact_presence_before_postcommit_reports" time="0.003" /></testsuite></testsuites>